#
# There is insufficient memory for the Java Runtime Environment to continue.
# Native memory allocation (malloc) failed to allocate 521136 bytes for Chunk::new
# Possible reasons:
#   The system is out of physical RAM or swap space
#   The process is running with CompressedOops enabled, and the Java Heap may be blocking the growth of the native heap
# Possible solutions:
#   Reduce memory load on the system
#   Increase physical memory or swap space
#   Check if swap backing store is full
#   Decrease Java heap size (-Xmx/-Xms)
#   Decrease number of Java threads
#   Decrease Java thread stack sizes (-Xss)
#   Set larger code cache with -XX:ReservedCodeCacheSize=
#   JVM is running with Unscaled Compressed Oops mode in which the Java heap is
#     placed in the first 4GB address space. The Java Heap base address is the
#     maximum limit for the native heap growth. Please use -XX:HeapBaseMinAddress
#     to set the Java Heap base and to place the Java Heap above 4GB virtual address.
# This output file may be truncated or incomplete.
#
#  Out of Memory Error (./src/hotspot/share/memory/arena.cpp:197), pid=9828, tid=17844
#
# JRE version: OpenJDK Runtime Environment (11.0.13) (build 11.0.13+0-b1751.21-8125866)
# Java VM: OpenJDK 64-Bit Server VM (11.0.13+0-b1751.21-8125866, mixed mode, tiered, compressed oops, g1 gc, windows-amd64)
# No core dump will be written. Minidumps are not enabled by default on client versions of Windows
#

---------------  S U M M A R Y ------------

Command Line: --add-opens=java.base/java.util=ALL-UNNAMED --add-opens=java.base/java.lang=ALL-UNNAMED --add-opens=java.base/java.lang.invoke=ALL-UNNAMED --add-opens=java.base/java.util=ALL-UNNAMED --add-opens=java.prefs/java.util.prefs=ALL-UNNAMED --add-opens=java.prefs/java.util.prefs=ALL-UNNAMED --add-opens=java.base/java.nio.charset=ALL-UNNAMED --add-opens=java.base/java.net=ALL-UNNAMED --add-opens=java.base/java.util.concurrent.atomic=ALL-UNNAMED -Xmx2048m -Dfile.encoding=UTF-8 -Duser.country=US -Duser.language=en -Duser.variant org.gradle.launcher.daemon.bootstrap.GradleDaemon 7.4

Host: Intel(R) Core(TM) i5-9300H CPU @ 2.40GHz, 8 cores, 15G,  Windows 10 , 64 bit Build 19041 (10.0.19041.1202)
Time: Wed Dec 28 18:23:06 2022 Egypt Standard Time elapsed time: 113.282570 seconds (0d 0h 1m 53s)

---------------  T H R E A D  ---------------

Current thread (0x000001def9cde800):  JavaThread "C2 CompilerThread0" daemon [_thread_in_native, id=17844, stack(0x0000004b8a000000,0x0000004b8a100000)]


Current CompileTask:
C2: 113282 12578   !   4       java.util.concurrent.LinkedBlockingQueue::poll (128 bytes)

Stack: [0x0000004b8a000000,0x0000004b8a100000]
Native frames: (J=compiled Java code, j=interpreted, Vv=VM code, C=native code)
V  [jvm.dll+0x6100fa]
V  [jvm.dll+0x747090]
V  [jvm.dll+0x7486ad]
V  [jvm.dll+0x748d83]
V  [jvm.dll+0x24ab48]
V  [jvm.dll+0xc04dc]
V  [jvm.dll+0xc0a0c]
V  [jvm.dll+0x35eb9d]
V  [jvm.dll+0x32b833]
V  [jvm.dll+0x32ad2a]
V  [jvm.dll+0x2032b2]
V  [jvm.dll+0x202437]
V  [jvm.dll+0x188e01]
V  [jvm.dll+0x21106b]
V  [jvm.dll+0x20f8c1]
V  [jvm.dll+0x70de0f]
V  [jvm.dll+0x706a75]
V  [jvm.dll+0x60ed66]
C  [ucrtbase.dll+0x21bb2]
C  [KERNEL32.DLL+0x17034]
C  [ntdll.dll+0x52651]


---------------  P R O C E S S  ---------------

Threads class SMR info:
_java_thread_list=0x000001de822683e0, length=138, elements={
0x000001dedef6a000, 0x000001def9c6a000, 0x000001def9c6f800, 0x000001def9ccc000,
0x000001def9ccd000, 0x000001def9ccf000, 0x000001def9cde800, 0x000001def9ce0000,
0x000001def9429000, 0x000001def9e3a000, 0x000001defad39800, 0x000001defbdcc000,
0x000001defccd0800, 0x000001defae3f800, 0x000001defcfc4800, 0x000001defb8ef800,
0x000001defbeb2000, 0x000001defabd5000, 0x000001defc26f000, 0x000001defa475000,
0x000001defa475800, 0x000001defa476800, 0x000001defa472800, 0x000001defa477800,
0x000001defa473000, 0x000001defa478000, 0x000001defa479000, 0x000001defa474000,
0x000001defc4da800, 0x000001defc4dc800, 0x000001defc4da000, 0x000001defc4e0800,
0x000001defc4de000, 0x000001defc4e1000, 0x000001defc4e3000, 0x000001defc4e2000,
0x000001defc4de800, 0x000001defc4e7000, 0x000001defc4e7800, 0x000001defc4e5000,
0x000001defc4e3800, 0x000001defc4e4800, 0x000001defc4e6000, 0x000001defc7f5000,
0x000001defc7f0800, 0x000001defc7ef000, 0x000001defc7f1800, 0x000001defc7f2800,
0x000001defc7f0000, 0x000001defc7f5800, 0x000001defc7f7000, 0x000001defc7f4000,
0x000001defc7f3000, 0x000001defc7fb800, 0x000001defc7f9800, 0x000001defc7f9000,
0x000001defc7f8000, 0x000001defc7fa800, 0x000001defc7fc000, 0x000001defc7f6800,
0x000001defc7fd000, 0x000001defc7fe000, 0x000001defd124000, 0x000001defd123000,
0x000001defd126800, 0x000001defd128000, 0x000001defd124800, 0x000001defd129800,
0x000001defd127000, 0x000001defd129000, 0x000001defd12a800, 0x000001defd12b800,
0x000001defd125800, 0x000001defd130000, 0x000001defd12e800, 0x000001defd12f800,
0x000001defd131000, 0x000001defd12c000, 0x000001defd132000, 0x000001defd12d000,
0x000001defd12d800, 0x000001defcd6c000, 0x000001defcd6d000, 0x000001defcd71000,
0x000001defcd71800, 0x000001defcd72800, 0x000001defcd70000, 0x000001defcd6e800,
0x000001defcd6d800, 0x000001defcd73800, 0x000001defcd74000, 0x000001defcd75000,
0x000001defcd6f800, 0x000001defcd76800, 0x000001defcd76000, 0x000001defcd79000,
0x000001defcd7a000, 0x000001defcd77800, 0x000001defcd78800, 0x000001defcd7a800,
0x000001defe1be000, 0x000001defe1bf000, 0x000001defe1c1800, 0x000001defe1bc800,
0x000001defe1c2000, 0x000001defe1c3000, 0x000001defe1bd800, 0x000001defe1c4000,
0x000001defe1c4800, 0x000001defe1c5800, 0x000001defe1c0000, 0x000001defe1c6800,
0x000001defe1c0800, 0x000001defe1c7000, 0x000001defe1c8000, 0x000001defe1c9000,
0x000001defe1c9800, 0x000001defe1ca800, 0x000001defe1cb000, 0x000001defd24b000,
0x000001defd249000, 0x000001defd24d800, 0x000001defd24c800, 0x000001defd24e000,
0x000001defd24f800, 0x000001defd24a000, 0x000001defd250800, 0x000001defd251800,
0x000001defd24b800, 0x000001defd254800, 0x000001defd254000, 0x000001defd258000,
0x000001defd255800, 0x000001defd256800, 0x000001defd257000, 0x000001defd252000,
0x000001defd253000, 0x000001de8532d800
}

Java Threads: ( => current thread )
  0x000001dedef6a000 JavaThread "main" [_thread_blocked, id=16744, stack(0x0000004b89400000,0x0000004b89500000)]
  0x000001def9c6a000 JavaThread "Reference Handler" daemon [_thread_blocked, id=11292, stack(0x0000004b89b00000,0x0000004b89c00000)]
  0x000001def9c6f800 JavaThread "Finalizer" daemon [_thread_blocked, id=4900, stack(0x0000004b89c00000,0x0000004b89d00000)]
  0x000001def9ccc000 JavaThread "Signal Dispatcher" daemon [_thread_blocked, id=16700, stack(0x0000004b89d00000,0x0000004b89e00000)]
  0x000001def9ccd000 JavaThread "Attach Listener" daemon [_thread_blocked, id=19312, stack(0x0000004b89e00000,0x0000004b89f00000)]
  0x000001def9ccf000 JavaThread "Service Thread" daemon [_thread_blocked, id=10488, stack(0x0000004b89f00000,0x0000004b8a000000)]
=>0x000001def9cde800 JavaThread "C2 CompilerThread0" daemon [_thread_in_native, id=17844, stack(0x0000004b8a000000,0x0000004b8a100000)]
  0x000001def9ce0000 JavaThread "C1 CompilerThread0" daemon [_thread_blocked, id=19944, stack(0x0000004b8a100000,0x0000004b8a200000)]
  0x000001def9429000 JavaThread "Sweeper thread" daemon [_thread_blocked, id=3096, stack(0x0000004b8a200000,0x0000004b8a300000)]
  0x000001def9e3a000 JavaThread "Common-Cleaner" daemon [_thread_blocked, id=11600, stack(0x0000004b8a300000,0x0000004b8a400000)]
  0x000001defad39800 JavaThread "Daemon health stats" [_thread_blocked, id=22260, stack(0x0000004b8ab00000,0x0000004b8ac00000)]
  0x000001defbdcc000 JavaThread "Incoming local TCP Connector on port 59497" [_thread_in_native, id=23988, stack(0x0000004b8a500000,0x0000004b8a600000)]
  0x000001defccd0800 JavaThread "Daemon periodic checks" [_thread_blocked, id=17932, stack(0x0000004b8ac00000,0x0000004b8ad00000)]
  0x000001defae3f800 JavaThread "Daemon" [_thread_blocked, id=22136, stack(0x0000004b8ad00000,0x0000004b8ae00000)]
  0x000001defcfc4800 JavaThread "Handler for socket connection from /127.0.0.1:59497 to /127.0.0.1:59498" [_thread_in_native, id=19996, stack(0x0000004b8ae00000,0x0000004b8af00000)]
  0x000001defb8ef800 JavaThread "Cancel handler" [_thread_blocked, id=23776, stack(0x0000004b8af00000,0x0000004b8b000000)]
  0x000001defbeb2000 JavaThread "Daemon worker" [_thread_blocked, id=1068, stack(0x0000004b8b000000,0x0000004b8b100000)]
  0x000001defabd5000 JavaThread "Asynchronous log dispatcher for DefaultDaemonConnection: socket connection from /127.0.0.1:59497 to /127.0.0.1:59498" [_thread_blocked, id=24088, stack(0x0000004b8b100000,0x0000004b8b200000)]
  0x000001defc26f000 JavaThread "Daemon client event forwarder" [_thread_blocked, id=24176, stack(0x0000004b8b300000,0x0000004b8b400000)]
  0x000001defa475000 JavaThread "Cache worker for journal cache (C:\Users\TURBO\Hany\gradle-completion-master\caches\journal-1)" [_thread_blocked, id=5904, stack(0x0000004b8b400000,0x0000004b8b500000)]
  0x000001defa475800 JavaThread "File lock request listener" [_thread_in_native, id=9000, stack(0x0000004b8b500000,0x0000004b8b600000)]
  0x000001defa476800 JavaThread "Cache worker for file hash cache (C:\Users\TURBO\Hany\gradle-completion-master\caches\7.4\fileHashes)" [_thread_blocked, id=22268, stack(0x0000004b8b600000,0x0000004b8b700000)]
  0x000001defa472800 JavaThread "File watcher server" daemon [_thread_in_native, id=19136, stack(0x0000004b8ba00000,0x0000004b8bb00000)]
  0x000001defa477800 JavaThread "File watcher consumer" daemon [_thread_blocked, id=20892, stack(0x0000004b8bb00000,0x0000004b8bc00000)]
  0x000001defa473000 JavaThread "Cache worker for checksums cache (C:\Users\TURBO\AndroidStudioProjects\BankingApp\.gradle\7.4\checksums)" [_thread_blocked, id=19276, stack(0x0000004b8bc00000,0x0000004b8bd00000)]
  0x000001defa478000 JavaThread "Cache worker for cache directory md-rule (C:\Users\TURBO\Hany\gradle-completion-master\caches\7.4\md-rule)" [_thread_blocked, id=20612, stack(0x0000004b8bd00000,0x0000004b8be00000)]
  0x000001defa479000 JavaThread "Cache worker for file hash cache (C:\Users\TURBO\AndroidStudioProjects\BankingApp\.gradle\7.4\fileHashes)" [_thread_blocked, id=19140, stack(0x0000004b8be00000,0x0000004b8bf00000)]
  0x000001defa474000 JavaThread "Cache worker for cache directory md-supplier (C:\Users\TURBO\Hany\gradle-completion-master\caches\7.4\md-supplier)" [_thread_blocked, id=19812, stack(0x0000004b8bf00000,0x0000004b8c000000)]
  0x000001defc4da800 JavaThread "Cache worker for execution history cache (C:\Users\TURBO\Hany\gradle-completion-master\caches\7.4\executionHistory)" [_thread_blocked, id=17384, stack(0x0000004b8c000000,0x0000004b8c100000)]
  0x000001defc4dc800 JavaThread "jar transforms" [_thread_blocked, id=10760, stack(0x0000004b8c100000,0x0000004b8c200000)]
  0x000001defc4da000 JavaThread "Cache worker for file content cache (C:\Users\TURBO\Hany\gradle-completion-master\caches\7.4\fileContent)" [_thread_blocked, id=16224, stack(0x0000004b8c200000,0x0000004b8c300000)]
  0x000001defc4e0800 JavaThread "jar transforms Thread 2" [_thread_blocked, id=5496, stack(0x0000004b8c300000,0x0000004b8c400000)]
  0x000001defc4de000 JavaThread "Cache worker for dependencies-accessors (C:\Users\TURBO\AndroidStudioProjects\BankingApp\.gradle\7.4\dependencies-accessors)" [_thread_blocked, id=19228, stack(0x0000004b8c400000,0x0000004b8c500000)]
  0x000001defc4e1000 JavaThread "jar transforms Thread 3" [_thread_blocked, id=19516, stack(0x0000004b8c500000,0x0000004b8c600000)]
  0x000001defc4e3000 JavaThread "Cache worker for Build Output Cleanup Cache (C:\Users\TURBO\AndroidStudioProjects\BankingApp\.gradle\buildOutputCleanup)" [_thread_blocked, id=20824, stack(0x0000004b8c600000,0x0000004b8c700000)]
  0x000001defc4e2000 JavaThread "Unconstrained build operations" [_thread_blocked, id=18696, stack(0x0000004b8c700000,0x0000004b8c800000)]
  0x000001defc4de800 JavaThread "Unconstrained build operations Thread 2" [_thread_blocked, id=24368, stack(0x0000004b8c800000,0x0000004b8c900000)]
  0x000001defc4e7000 JavaThread "Unconstrained build operations Thread 3" [_thread_blocked, id=22652, stack(0x0000004b8c900000,0x0000004b8ca00000)]
  0x000001defc4e7800 JavaThread "Unconstrained build operations Thread 4" [_thread_blocked, id=9336, stack(0x0000004b8ca00000,0x0000004b8cb00000)]
  0x000001defc4e5000 JavaThread "Unconstrained build operations Thread 5" [_thread_blocked, id=2556, stack(0x0000004b8cb00000,0x0000004b8cc00000)]
  0x000001defc4e3800 JavaThread "Unconstrained build operations Thread 6" [_thread_blocked, id=548, stack(0x0000004b8cc00000,0x0000004b8cd00000)]
  0x000001defc4e4800 JavaThread "Unconstrained build operations Thread 7" [_thread_blocked, id=14168, stack(0x0000004b8cd00000,0x0000004b8ce00000)]
  0x000001defc4e6000 JavaThread "Unconstrained build operations Thread 8" [_thread_blocked, id=15092, stack(0x0000004b8ce00000,0x0000004b8cf00000)]
  0x000001defc7f5000 JavaThread "Unconstrained build operations Thread 9" [_thread_blocked, id=1680, stack(0x0000004b8cf00000,0x0000004b8d000000)]
  0x000001defc7f0800 JavaThread "Unconstrained build operations Thread 10" [_thread_blocked, id=17296, stack(0x0000004b8d000000,0x0000004b8d100000)]
  0x000001defc7ef000 JavaThread "Unconstrained build operations Thread 11" [_thread_blocked, id=3408, stack(0x0000004b8d100000,0x0000004b8d200000)]
  0x000001defc7f1800 JavaThread "Unconstrained build operations Thread 12" [_thread_blocked, id=9332, stack(0x0000004b8d200000,0x0000004b8d300000)]
  0x000001defc7f2800 JavaThread "Unconstrained build operations Thread 13" [_thread_blocked, id=13784, stack(0x0000004b8d300000,0x0000004b8d400000)]
  0x000001defc7f0000 JavaThread "Unconstrained build operations Thread 14" [_thread_blocked, id=16428, stack(0x0000004b8d400000,0x0000004b8d500000)]
  0x000001defc7f5800 JavaThread "Unconstrained build operations Thread 15" [_thread_blocked, id=2968, stack(0x0000004b8d500000,0x0000004b8d600000)]
  0x000001defc7f7000 JavaThread "Unconstrained build operations Thread 16" [_thread_blocked, id=5176, stack(0x0000004b8d600000,0x0000004b8d700000)]
  0x000001defc7f4000 JavaThread "Unconstrained build operations Thread 17" [_thread_blocked, id=1276, stack(0x0000004b8d700000,0x0000004b8d800000)]
  0x000001defc7f3000 JavaThread "Unconstrained build operations Thread 18" [_thread_blocked, id=20124, stack(0x0000004b8d800000,0x0000004b8d900000)]
  0x000001defc7fb800 JavaThread "Unconstrained build operations Thread 19" [_thread_blocked, id=2972, stack(0x0000004b8d900000,0x0000004b8da00000)]
  0x000001defc7f9800 JavaThread "Unconstrained build operations Thread 20" [_thread_blocked, id=24012, stack(0x0000004b8da00000,0x0000004b8db00000)]
  0x000001defc7f9000 JavaThread "Unconstrained build operations Thread 21" [_thread_blocked, id=1944, stack(0x0000004b8db00000,0x0000004b8dc00000)]
  0x000001defc7f8000 JavaThread "Unconstrained build operations Thread 22" [_thread_blocked, id=10620, stack(0x0000004b8dc00000,0x0000004b8dd00000)]
  0x000001defc7fa800 JavaThread "Unconstrained build operations Thread 23" [_thread_blocked, id=24288, stack(0x0000004b8dd00000,0x0000004b8de00000)]
  0x000001defc7fc000 JavaThread "Unconstrained build operations Thread 24" [_thread_blocked, id=8036, stack(0x0000004b8de00000,0x0000004b8df00000)]
  0x000001defc7f6800 JavaThread "Unconstrained build operations Thread 25" [_thread_blocked, id=20712, stack(0x0000004b8df00000,0x0000004b8e000000)]
  0x000001defc7fd000 JavaThread "Unconstrained build operations Thread 26" [_thread_blocked, id=22112, stack(0x0000004b8e000000,0x0000004b8e100000)]
  0x000001defc7fe000 JavaThread "Unconstrained build operations Thread 27" [_thread_blocked, id=13552, stack(0x0000004b8e100000,0x0000004b8e200000)]
  0x000001defd124000 JavaThread "Unconstrained build operations Thread 28" [_thread_blocked, id=11200, stack(0x0000004b8e200000,0x0000004b8e300000)]
  0x000001defd123000 JavaThread "Unconstrained build operations Thread 29" [_thread_blocked, id=4492, stack(0x0000004b8e300000,0x0000004b8e400000)]
  0x000001defd126800 JavaThread "Unconstrained build operations Thread 30" [_thread_blocked, id=24356, stack(0x0000004b8e400000,0x0000004b8e500000)]
  0x000001defd128000 JavaThread "Unconstrained build operations Thread 31" [_thread_blocked, id=12940, stack(0x0000004b8e500000,0x0000004b8e600000)]
  0x000001defd124800 JavaThread "Unconstrained build operations Thread 32" [_thread_blocked, id=12164, stack(0x0000004b8e600000,0x0000004b8e700000)]
  0x000001defd129800 JavaThread "Unconstrained build operations Thread 33" [_thread_blocked, id=7196, stack(0x0000004b8e700000,0x0000004b8e800000)]
  0x000001defd127000 JavaThread "Unconstrained build operations Thread 34" [_thread_blocked, id=21740, stack(0x0000004b8e800000,0x0000004b8e900000)]
  0x000001defd129000 JavaThread "Unconstrained build operations Thread 35" [_thread_blocked, id=21984, stack(0x0000004b8e900000,0x0000004b8ea00000)]
  0x000001defd12a800 JavaThread "Unconstrained build operations Thread 36" [_thread_blocked, id=24244, stack(0x0000004b8ea00000,0x0000004b8eb00000)]
  0x000001defd12b800 JavaThread "Unconstrained build operations Thread 37" [_thread_blocked, id=16392, stack(0x0000004b8eb00000,0x0000004b8ec00000)]
  0x000001defd125800 JavaThread "Unconstrained build operations Thread 38" [_thread_blocked, id=19624, stack(0x0000004b8ec00000,0x0000004b8ed00000)]
  0x000001defd130000 JavaThread "Unconstrained build operations Thread 39" [_thread_blocked, id=21428, stack(0x0000004b8ed00000,0x0000004b8ee00000)]
  0x000001defd12e800 JavaThread "Unconstrained build operations Thread 40" [_thread_blocked, id=20096, stack(0x0000004b8ee00000,0x0000004b8ef00000)]
  0x000001defd12f800 JavaThread "Unconstrained build operations Thread 41" [_thread_blocked, id=3652, stack(0x0000004b8ef00000,0x0000004b8f000000)]
  0x000001defd131000 JavaThread "Unconstrained build operations Thread 42" [_thread_blocked, id=11696, stack(0x0000004b8f000000,0x0000004b8f100000)]
  0x000001defd12c000 JavaThread "Unconstrained build operations Thread 43" [_thread_blocked, id=17700, stack(0x0000004b8f100000,0x0000004b8f200000)]
  0x000001defd132000 JavaThread "Unconstrained build operations Thread 44" [_thread_blocked, id=21792, stack(0x0000004b8f200000,0x0000004b8f300000)]
  0x000001defd12d000 JavaThread "Unconstrained build operations Thread 45" [_thread_blocked, id=12256, stack(0x0000004b8f300000,0x0000004b8f400000)]
  0x000001defd12d800 JavaThread "Unconstrained build operations Thread 46" [_thread_blocked, id=21640, stack(0x0000004b8f400000,0x0000004b8f500000)]
  0x000001defcd6c000 JavaThread "Unconstrained build operations Thread 47" [_thread_blocked, id=4808, stack(0x0000004b8f500000,0x0000004b8f600000)]
  0x000001defcd6d000 JavaThread "Unconstrained build operations Thread 48" [_thread_blocked, id=17448, stack(0x0000004b8f600000,0x0000004b8f700000)]
  0x000001defcd71000 JavaThread "Unconstrained build operations Thread 49" [_thread_blocked, id=13100, stack(0x0000004b8f700000,0x0000004b8f800000)]
  0x000001defcd71800 JavaThread "Unconstrained build operations Thread 50" [_thread_blocked, id=132, stack(0x0000004b8f800000,0x0000004b8f900000)]
  0x000001defcd72800 JavaThread "Unconstrained build operations Thread 51" [_thread_blocked, id=22508, stack(0x0000004b8f900000,0x0000004b8fa00000)]
  0x000001defcd70000 JavaThread "Unconstrained build operations Thread 52" [_thread_blocked, id=18676, stack(0x0000004b8fa00000,0x0000004b8fb00000)]
  0x000001defcd6e800 JavaThread "Unconstrained build operations Thread 53" [_thread_blocked, id=20340, stack(0x0000004b8fb00000,0x0000004b8fc00000)]
  0x000001defcd6d800 JavaThread "Unconstrained build operations Thread 54" [_thread_blocked, id=6352, stack(0x0000004b8fc00000,0x0000004b8fd00000)]
  0x000001defcd73800 JavaThread "Unconstrained build operations Thread 55" [_thread_blocked, id=16940, stack(0x0000004b8fd00000,0x0000004b8fe00000)]
  0x000001defcd74000 JavaThread "Unconstrained build operations Thread 56" [_thread_blocked, id=20016, stack(0x0000004b8fe00000,0x0000004b8ff00000)]
  0x000001defcd75000 JavaThread "Unconstrained build operations Thread 57" [_thread_blocked, id=9844, stack(0x0000004b8ff00000,0x0000004b90000000)]
  0x000001defcd6f800 JavaThread "Unconstrained build operations Thread 58" [_thread_blocked, id=12480, stack(0x0000004b90000000,0x0000004b90100000)]
  0x000001defcd76800 JavaThread "Unconstrained build operations Thread 59" [_thread_blocked, id=22736, stack(0x0000004b90100000,0x0000004b90200000)]
  0x000001defcd76000 JavaThread "Unconstrained build operations Thread 60" [_thread_blocked, id=24540, stack(0x0000004b90200000,0x0000004b90300000)]
  0x000001defcd79000 JavaThread "Unconstrained build operations Thread 61" [_thread_blocked, id=22484, stack(0x0000004b90300000,0x0000004b90400000)]
  0x000001defcd7a000 JavaThread "Unconstrained build operations Thread 62" [_thread_blocked, id=24076, stack(0x0000004b90400000,0x0000004b90500000)]
  0x000001defcd77800 JavaThread "Unconstrained build operations Thread 63" [_thread_blocked, id=21460, stack(0x0000004b90500000,0x0000004b90600000)]
  0x000001defcd78800 JavaThread "Unconstrained build operations Thread 64" [_thread_blocked, id=10644, stack(0x0000004b90600000,0x0000004b90700000)]
  0x000001defcd7a800 JavaThread "Unconstrained build operations Thread 65" [_thread_blocked, id=4584, stack(0x0000004b90700000,0x0000004b90800000)]
  0x000001defe1be000 JavaThread "Unconstrained build operations Thread 66" [_thread_blocked, id=12972, stack(0x0000004b90800000,0x0000004b90900000)]
  0x000001defe1bf000 JavaThread "Unconstrained build operations Thread 67" [_thread_blocked, id=19592, stack(0x0000004b90900000,0x0000004b90a00000)]
  0x000001defe1c1800 JavaThread "Unconstrained build operations Thread 68" [_thread_blocked, id=24388, stack(0x0000004b90a00000,0x0000004b90b00000)]
  0x000001defe1bc800 JavaThread "Unconstrained build operations Thread 69" [_thread_blocked, id=24396, stack(0x0000004b90b00000,0x0000004b90c00000)]
  0x000001defe1c2000 JavaThread "Unconstrained build operations Thread 70" [_thread_blocked, id=23064, stack(0x0000004b90c00000,0x0000004b90d00000)]
  0x000001defe1c3000 JavaThread "Unconstrained build operations Thread 71" [_thread_blocked, id=15588, stack(0x0000004b90d00000,0x0000004b90e00000)]
  0x000001defe1bd800 JavaThread "Unconstrained build operations Thread 72" [_thread_blocked, id=22888, stack(0x0000004b90e00000,0x0000004b90f00000)]
  0x000001defe1c4000 JavaThread "Unconstrained build operations Thread 73" [_thread_blocked, id=9712, stack(0x0000004b90f00000,0x0000004b91000000)]
  0x000001defe1c4800 JavaThread "Unconstrained build operations Thread 74" [_thread_blocked, id=12344, stack(0x0000004b91000000,0x0000004b91100000)]
  0x000001defe1c5800 JavaThread "Unconstrained build operations Thread 75" [_thread_blocked, id=21908, stack(0x0000004b91100000,0x0000004b91200000)]
  0x000001defe1c0000 JavaThread "Unconstrained build operations Thread 76" [_thread_blocked, id=18148, stack(0x0000004b91200000,0x0000004b91300000)]
  0x000001defe1c6800 JavaThread "Unconstrained build operations Thread 77" [_thread_blocked, id=23732, stack(0x0000004b91300000,0x0000004b91400000)]
  0x000001defe1c0800 JavaThread "Unconstrained build operations Thread 78" [_thread_blocked, id=1192, stack(0x0000004b91400000,0x0000004b91500000)]
  0x000001defe1c7000 JavaThread "Unconstrained build operations Thread 79" [_thread_blocked, id=24364, stack(0x0000004b91500000,0x0000004b91600000)]
  0x000001defe1c8000 JavaThread "Unconstrained build operations Thread 80" [_thread_blocked, id=5372, stack(0x0000004b91600000,0x0000004b91700000)]
  0x000001defe1c9000 JavaThread "jar transforms Thread 4" [_thread_blocked, id=24468, stack(0x0000004b91700000,0x0000004b91800000)]
  0x000001defe1c9800 JavaThread "jar transforms Thread 5" [_thread_blocked, id=18468, stack(0x0000004b91800000,0x0000004b91900000)]
  0x000001defe1ca800 JavaThread "jar transforms Thread 6" [_thread_blocked, id=21884, stack(0x0000004b91900000,0x0000004b91a00000)]
  0x000001defe1cb000 JavaThread "jar transforms Thread 7" [_thread_blocked, id=19916, stack(0x0000004b91a00000,0x0000004b91b00000)]
  0x000001defd24b000 JavaThread "jar transforms Thread 8" [_thread_blocked, id=16680, stack(0x0000004b91b00000,0x0000004b91c00000)]
  0x000001defd249000 JavaThread "Memory manager" [_thread_blocked, id=15968, stack(0x0000004b91c00000,0x0000004b91d00000)]
  0x000001defd24d800 JavaThread "build event listener" [_thread_blocked, id=23184, stack(0x0000004b91d00000,0x0000004b91e00000)]
  0x000001defd24c800 JavaThread "included builds" [_thread_blocked, id=23952, stack(0x0000004b91e00000,0x0000004b91f00000)]
  0x000001defd24e000 JavaThread "Execution worker for ':'" [_thread_blocked, id=23704, stack(0x0000004b91f00000,0x0000004b92000000)]
  0x000001defd24f800 JavaThread "Execution worker for ':' Thread 2" [_thread_blocked, id=6276, stack(0x0000004b92000000,0x0000004b92100000)]
  0x000001defd24a000 JavaThread "Execution worker for ':' Thread 3" [_thread_blocked, id=13056, stack(0x0000004b92100000,0x0000004b92200000)]
  0x000001defd250800 JavaThread "Execution worker for ':' Thread 4" [_thread_blocked, id=17372, stack(0x0000004b92200000,0x0000004b92300000)]
  0x000001defd251800 JavaThread "Execution worker for ':' Thread 5" [_thread_blocked, id=4896, stack(0x0000004b92300000,0x0000004b92400000)]
  0x000001defd24b800 JavaThread "Execution worker for ':' Thread 6" [_thread_blocked, id=3924, stack(0x0000004b92400000,0x0000004b92500000)]
  0x000001defd254800 JavaThread "Execution worker for ':' Thread 7" [_thread_blocked, id=20756, stack(0x0000004b92500000,0x0000004b92600000)]
  0x000001defd254000 JavaThread "Cache worker for execution history cache (C:\Users\TURBO\AndroidStudioProjects\BankingApp\.gradle\7.4\executionHistory)" [_thread_blocked, id=17476, stack(0x0000004b92600000,0x0000004b92700000)]
  0x000001defd258000 JavaThread "WorkerExecutor Queue" [_thread_in_native, id=16104, stack(0x0000004b89100000,0x0000004b89200000)]
  0x000001defd255800 JavaThread "RMI Scheduler(0)" daemon [_thread_blocked, id=9840, stack(0x0000004b89200000,0x0000004b89300000)]
  0x000001defd256800 JavaThread "RMI RenewClean-[127.0.0.1:17471,org.jetbrains.kotlin.daemon.common.LoopbackNetworkInterface$ClientLoopbackSocketFactory@7ac26a0e]" daemon [_thread_blocked, id=19744, stack(0x0000004b92900000,0x0000004b92a00000)]
  0x000001defd257000 JavaThread "RMI GC Daemon" daemon [_thread_blocked, id=8484, stack(0x0000004b92a00000,0x0000004b92b00000)]
  0x000001defd252000 JavaThread "RMI TCP Accept-0" daemon [_thread_in_native, id=2012, stack(0x0000004b92b00000,0x0000004b92c00000)]
  0x000001defd253000 JavaThread "RMI Reaper" [_thread_blocked, id=21788, stack(0x0000004b92c00000,0x0000004b92d00000)]
  0x000001de8532d800 JavaThread "RMI TCP Connection(idle)" daemon [_thread_blocked, id=23660, stack(0x0000004b92d00000,0x0000004b92e00000)]

Other Threads:
  0x000001def9c68000 VMThread "VM Thread" [stack: 0x0000004b89a00000,0x0000004b89b00000] [id=21800]
  0x000001def9e72000 WatcherThread [stack: 0x0000004b8a400000,0x0000004b8a500000] [id=8924]
  0x000001dedef7e000 GCTaskThread "GC Thread#0" [stack: 0x0000004b89500000,0x0000004b89600000] [id=18576]
  0x000001defa640800 GCTaskThread "GC Thread#1" [stack: 0x0000004b8a600000,0x0000004b8a700000] [id=21112]
  0x000001defa23f000 GCTaskThread "GC Thread#2" [stack: 0x0000004b8a700000,0x0000004b8a800000] [id=23392]
  0x000001defa4a4800 GCTaskThread "GC Thread#3" [stack: 0x0000004b8a800000,0x0000004b8a900000] [id=16368]
  0x000001defa848000 GCTaskThread "GC Thread#4" [stack: 0x0000004b8a900000,0x0000004b8aa00000] [id=17712]
  0x000001defa400800 GCTaskThread "GC Thread#5" [stack: 0x0000004b8aa00000,0x0000004b8ab00000] [id=20988]
  0x000001defbeda000 GCTaskThread "GC Thread#6" [stack: 0x0000004b8b700000,0x0000004b8b800000] [id=16172]
  0x000001defae9f000 GCTaskThread "GC Thread#7" [stack: 0x0000004b8b800000,0x0000004b8b900000] [id=10992]
  0x000001dedefb1800 ConcurrentGCThread "G1 Main Marker" [stack: 0x0000004b89600000,0x0000004b89700000] [id=20164]
  0x000001dedefb2800 ConcurrentGCThread "G1 Conc#0" [stack: 0x0000004b89700000,0x0000004b89800000] [id=24264]
  0x000001defb559000 ConcurrentGCThread "G1 Conc#1" [stack: 0x0000004b8b900000,0x0000004b8ba00000] [id=12476]
  0x000001dedf03e000 ConcurrentGCThread "G1 Refine#0" [stack: 0x0000004b89800000,0x0000004b89900000] [id=15052]
  0x000001def92b2800 ConcurrentGCThread "G1 Young RemSet Sampling" [stack: 0x0000004b89900000,0x0000004b89a00000] [id=19500]

Threads with active compile tasks:
C2 CompilerThread0 115139 12578   !   4       java.util.concurrent.LinkedBlockingQueue::poll (128 bytes)

VM state:not at safepoint (normal execution)

VM Mutex/Monitor currently owned by a thread: None

Heap address: 0x0000000080000000, size: 2048 MB, Compressed Oops mode: 32-bit
Narrow klass base: 0x0000000000000000, Narrow klass shift: 3
Compressed class space size: 1073741824 Address: 0x0000000100000000

Heap:
 garbage-first heap   total 262144K, used 109700K [0x0000000080000000, 0x0000000100000000)
  region size 1024K, 19 young (19456K), 12 survivors (12288K)
 Metaspace       used 96819K, capacity 99405K, committed 99536K, reserved 1134592K
  class space    used 12513K, capacity 13483K, committed 13568K, reserved 1048576K
Heap Regions: E=young(eden), S=young(survivor), O=old, HS=humongous(starts), HC=humongous(continues), CS=collection set, F=free, A=archive, TAMS=top-at-mark-start (previous, next)
|   0|0x0000000080000000, 0x0000000080100000, 0x0000000080100000|100%| O|  |TAMS 0x0000000080100000, 0x0000000080000000| Untracked 
|   1|0x0000000080100000, 0x0000000080200000, 0x0000000080200000|100%| O|  |TAMS 0x0000000080200000, 0x0000000080100000| Untracked 
|   2|0x0000000080200000, 0x0000000080300000, 0x0000000080300000|100%| O|  |TAMS 0x0000000080300000, 0x0000000080200000| Untracked 
|   3|0x0000000080300000, 0x0000000080400000, 0x0000000080400000|100%|HS|  |TAMS 0x0000000080400000, 0x0000000080300000| Complete 
|   4|0x0000000080400000, 0x0000000080500000, 0x0000000080500000|100%|HC|  |TAMS 0x0000000080500000, 0x0000000080400000| Complete 
|   5|0x0000000080500000, 0x0000000080600000, 0x0000000080600000|100%|HC|  |TAMS 0x0000000080600000, 0x0000000080500000| Complete 
|   6|0x0000000080600000, 0x0000000080700000, 0x0000000080700000|100%| O|  |TAMS 0x0000000080700000, 0x0000000080600000| Untracked 
|   7|0x0000000080700000, 0x0000000080800000, 0x0000000080800000|100%| O|  |TAMS 0x0000000080800000, 0x0000000080700000| Untracked 
|   8|0x0000000080800000, 0x0000000080900000, 0x0000000080900000|100%| O|  |TAMS 0x0000000080900000, 0x0000000080800000| Untracked 
|   9|0x0000000080900000, 0x0000000080a00000, 0x0000000080a00000|100%| O|  |TAMS 0x0000000080a00000, 0x0000000080900000| Untracked 
|  10|0x0000000080a00000, 0x0000000080b00000, 0x0000000080b00000|100%| O|  |TAMS 0x0000000080b00000, 0x0000000080a00000| Untracked 
|  11|0x0000000080b00000, 0x0000000080c00000, 0x0000000080c00000|100%| O|  |TAMS 0x0000000080c00000, 0x0000000080b00000| Untracked 
|  12|0x0000000080c00000, 0x0000000080d00000, 0x0000000080d00000|100%| O|  |TAMS 0x0000000080d00000, 0x0000000080c00000| Untracked 
|  13|0x0000000080d00000, 0x0000000080e00000, 0x0000000080e00000|100%| O|  |TAMS 0x0000000080e00000, 0x0000000080d00000| Untracked 
|  14|0x0000000080e00000, 0x0000000080f00000, 0x0000000080f00000|100%| O|  |TAMS 0x0000000080f00000, 0x0000000080e00000| Untracked 
|  15|0x0000000080f00000, 0x0000000081000000, 0x0000000081000000|100%|HS|  |TAMS 0x0000000081000000, 0x0000000080f00000| Complete 
|  16|0x0000000081000000, 0x0000000081100000, 0x0000000081100000|100%|HS|  |TAMS 0x0000000081100000, 0x0000000081000000| Complete 
|  17|0x0000000081100000, 0x0000000081200000, 0x0000000081200000|100%|HS|  |TAMS 0x0000000081200000, 0x0000000081100000| Complete 
|  18|0x0000000081200000, 0x0000000081300000, 0x0000000081300000|100%|HS|  |TAMS 0x0000000081300000, 0x0000000081200000| Complete 
|  19|0x0000000081300000, 0x0000000081400000, 0x0000000081400000|100%|HC|  |TAMS 0x0000000081400000, 0x0000000081300000| Complete 
|  20|0x0000000081400000, 0x0000000081500000, 0x0000000081500000|100%|HC|  |TAMS 0x0000000081500000, 0x0000000081400000| Complete 
|  21|0x0000000081500000, 0x0000000081600000, 0x0000000081600000|100%|HC|  |TAMS 0x0000000081600000, 0x0000000081500000| Complete 
|  22|0x0000000081600000, 0x0000000081700000, 0x0000000081700000|100%| O|  |TAMS 0x0000000081700000, 0x0000000081600000| Untracked 
|  23|0x0000000081700000, 0x0000000081800000, 0x0000000081800000|100%|HS|  |TAMS 0x0000000081800000, 0x0000000081700000| Complete 
|  24|0x0000000081800000, 0x0000000081900000, 0x0000000081900000|100%|HC|  |TAMS 0x0000000081900000, 0x0000000081800000| Complete 
|  25|0x0000000081900000, 0x0000000081a00000, 0x0000000081a00000|100%| O|  |TAMS 0x0000000081a00000, 0x0000000081900000| Untracked 
|  26|0x0000000081a00000, 0x0000000081b00000, 0x0000000081b00000|100%| O|  |TAMS 0x0000000081b00000, 0x0000000081a00000| Untracked 
|  27|0x0000000081b00000, 0x0000000081c00000, 0x0000000081c00000|100%| O|  |TAMS 0x0000000081c00000, 0x0000000081b00000| Untracked 
|  28|0x0000000081c00000, 0x0000000081d00000, 0x0000000081d00000|100%| O|  |TAMS 0x0000000081d00000, 0x0000000081c00000| Untracked 
|  29|0x0000000081d00000, 0x0000000081e00000, 0x0000000081e00000|100%| O|  |TAMS 0x0000000081e00000, 0x0000000081d00000| Untracked 
|  30|0x0000000081e00000, 0x0000000081f00000, 0x0000000081f00000|100%| O|  |TAMS 0x0000000081f00000, 0x0000000081e00000| Untracked 
|  31|0x0000000081f00000, 0x0000000082000000, 0x0000000082000000|100%| O|  |TAMS 0x0000000082000000, 0x0000000081f00000| Untracked 
|  32|0x0000000082000000, 0x0000000082100000, 0x0000000082100000|100%| O|  |TAMS 0x0000000082100000, 0x0000000082000000| Untracked 
|  33|0x0000000082100000, 0x0000000082200000, 0x0000000082200000|100%| O|  |TAMS 0x0000000082200000, 0x0000000082100000| Untracked 
|  34|0x0000000082200000, 0x0000000082300000, 0x0000000082300000|100%| O|  |TAMS 0x0000000082300000, 0x0000000082200000| Untracked 
|  35|0x0000000082300000, 0x0000000082400000, 0x0000000082400000|100%| O|  |TAMS 0x0000000082400000, 0x0000000082300000| Untracked 
|  36|0x0000000082400000, 0x0000000082500000, 0x0000000082500000|100%| O|  |TAMS 0x0000000082500000, 0x0000000082400000| Untracked 
|  37|0x0000000082500000, 0x0000000082600000, 0x0000000082600000|100%| O|  |TAMS 0x0000000082600000, 0x0000000082500000| Untracked 
|  38|0x0000000082600000, 0x0000000082700000, 0x0000000082700000|100%| O|  |TAMS 0x0000000082700000, 0x0000000082600000| Untracked 
|  39|0x0000000082700000, 0x0000000082800000, 0x0000000082800000|100%| O|  |TAMS 0x0000000082800000, 0x0000000082700000| Untracked 
|  40|0x0000000082800000, 0x0000000082900000, 0x0000000082900000|100%| O|  |TAMS 0x0000000082900000, 0x0000000082800000| Untracked 
|  41|0x0000000082900000, 0x0000000082a00000, 0x0000000082a00000|100%| O|  |TAMS 0x0000000082a00000, 0x0000000082900000| Untracked 
|  42|0x0000000082a00000, 0x0000000082b00000, 0x0000000082b00000|100%| O|  |TAMS 0x0000000082b00000, 0x0000000082a00000| Untracked 
|  43|0x0000000082b00000, 0x0000000082c00000, 0x0000000082c00000|100%| O|  |TAMS 0x0000000082c00000, 0x0000000082b00000| Untracked 
|  44|0x0000000082c00000, 0x0000000082d00000, 0x0000000082d00000|100%| O|  |TAMS 0x0000000082d00000, 0x0000000082c00000| Untracked 
|  45|0x0000000082d00000, 0x0000000082e00000, 0x0000000082e00000|100%| O|  |TAMS 0x0000000082e00000, 0x0000000082d00000| Untracked 
|  46|0x0000000082e00000, 0x0000000082f00000, 0x0000000082f00000|100%| O|  |TAMS 0x0000000082f00000, 0x0000000082e00000| Untracked 
|  47|0x0000000082f00000, 0x0000000083000000, 0x0000000083000000|100%| O|  |TAMS 0x0000000083000000, 0x0000000082f00000| Untracked 
|  48|0x0000000083000000, 0x0000000083100000, 0x0000000083100000|100%| O|  |TAMS 0x0000000083100000, 0x0000000083000000| Untracked 
|  49|0x0000000083100000, 0x0000000083200000, 0x0000000083200000|100%| O|  |TAMS 0x0000000083200000, 0x0000000083100000| Untracked 
|  50|0x0000000083200000, 0x0000000083300000, 0x0000000083300000|100%| O|  |TAMS 0x0000000083200000, 0x0000000083200000| Untracked 
|  51|0x0000000083300000, 0x0000000083400000, 0x0000000083400000|100%| O|  |TAMS 0x0000000083300000, 0x0000000083300000| Untracked 
|  52|0x0000000083400000, 0x0000000083500000, 0x0000000083500000|100%| O|  |TAMS 0x0000000083400000, 0x0000000083400000| Untracked 
|  53|0x0000000083500000, 0x0000000083600000, 0x0000000083600000|100%| O|  |TAMS 0x0000000083500000, 0x0000000083500000| Untracked 
|  54|0x0000000083600000, 0x0000000083700000, 0x0000000083700000|100%| O|  |TAMS 0x0000000083600000, 0x0000000083600000| Untracked 
|  55|0x0000000083700000, 0x0000000083800000, 0x0000000083800000|100%| O|  |TAMS 0x0000000083700000, 0x0000000083700000| Untracked 
|  56|0x0000000083800000, 0x0000000083900000, 0x0000000083900000|100%| O|  |TAMS 0x0000000083800000, 0x0000000083800000| Untracked 
|  57|0x0000000083900000, 0x0000000083a00000, 0x0000000083a00000|100%| O|  |TAMS 0x0000000083900000, 0x0000000083900000| Untracked 
|  58|0x0000000083a00000, 0x0000000083b00000, 0x0000000083b00000|100%| O|  |TAMS 0x0000000083a00000, 0x0000000083a00000| Untracked 
|  59|0x0000000083b00000, 0x0000000083c00000, 0x0000000083c00000|100%| O|  |TAMS 0x0000000083b00000, 0x0000000083b00000| Untracked 
|  60|0x0000000083c00000, 0x0000000083d00000, 0x0000000083d00000|100%| O|  |TAMS 0x0000000083c00000, 0x0000000083c00000| Untracked 
|  61|0x0000000083d00000, 0x0000000083e00000, 0x0000000083e00000|100%| O|  |TAMS 0x0000000083d00000, 0x0000000083d00000| Untracked 
|  62|0x0000000083e00000, 0x0000000083f00000, 0x0000000083f00000|100%| O|  |TAMS 0x0000000083e00000, 0x0000000083e00000| Untracked 
|  63|0x0000000083f00000, 0x0000000084000000, 0x0000000084000000|100%| O|  |TAMS 0x0000000083f00000, 0x0000000083f00000| Untracked 
|  64|0x0000000084000000, 0x0000000084100000, 0x0000000084100000|100%| O|  |TAMS 0x0000000084000000, 0x0000000084000000| Untracked 
|  65|0x0000000084100000, 0x0000000084200000, 0x0000000084200000|100%| O|  |TAMS 0x0000000084100000, 0x0000000084100000| Untracked 
|  66|0x0000000084200000, 0x0000000084300000, 0x0000000084300000|100%| O|  |TAMS 0x0000000084200000, 0x0000000084200000| Untracked 
|  67|0x0000000084300000, 0x0000000084400000, 0x0000000084400000|100%| O|  |TAMS 0x0000000084300000, 0x0000000084300000| Untracked 
|  68|0x0000000084400000, 0x0000000084500000, 0x0000000084500000|100%| O|  |TAMS 0x0000000084400000, 0x0000000084400000| Untracked 
|  69|0x0000000084500000, 0x0000000084600000, 0x0000000084600000|100%| O|  |TAMS 0x0000000084500000, 0x0000000084500000| Untracked 
|  70|0x0000000084600000, 0x0000000084700000, 0x0000000084700000|100%| O|  |TAMS 0x0000000084600000, 0x0000000084600000| Untracked 
|  71|0x0000000084700000, 0x0000000084800000, 0x0000000084800000|100%| O|  |TAMS 0x0000000084700000, 0x0000000084700000| Untracked 
|  72|0x0000000084800000, 0x0000000084900000, 0x0000000084900000|100%| O|  |TAMS 0x0000000084800000, 0x0000000084800000| Untracked 
|  73|0x0000000084900000, 0x0000000084a00000, 0x0000000084a00000|100%| O|  |TAMS 0x0000000084900000, 0x0000000084900000| Untracked 
|  74|0x0000000084a00000, 0x0000000084b00000, 0x0000000084b00000|100%| O|  |TAMS 0x0000000084a00000, 0x0000000084a00000| Untracked 
|  75|0x0000000084b00000, 0x0000000084c00000, 0x0000000084c00000|100%| O|  |TAMS 0x0000000084b00000, 0x0000000084b00000| Untracked 
|  76|0x0000000084c00000, 0x0000000084d00000, 0x0000000084d00000|100%| O|  |TAMS 0x0000000084c00000, 0x0000000084c00000| Untracked 
|  77|0x0000000084d00000, 0x0000000084e00000, 0x0000000084e00000|100%| O|  |TAMS 0x0000000084d00000, 0x0000000084d00000| Untracked 
|  78|0x0000000084e00000, 0x0000000084f00000, 0x0000000084f00000|100%| O|  |TAMS 0x0000000084e00000, 0x0000000084e00000| Untracked 
|  79|0x0000000084f00000, 0x0000000085000000, 0x0000000085000000|100%| O|  |TAMS 0x0000000084f00000, 0x0000000084f00000| Untracked 
|  80|0x0000000085000000, 0x0000000085100000, 0x0000000085100000|100%| O|  |TAMS 0x0000000085000000, 0x0000000085000000| Untracked 
|  81|0x0000000085100000, 0x0000000085200000, 0x0000000085200000|100%| O|  |TAMS 0x0000000085100000, 0x0000000085100000| Untracked 
|  82|0x0000000085200000, 0x0000000085300000, 0x0000000085300000|100%| O|  |TAMS 0x0000000085200000, 0x0000000085200000| Untracked 
|  83|0x0000000085300000, 0x0000000085400000, 0x0000000085400000|100%| O|  |TAMS 0x0000000085300000, 0x0000000085300000| Untracked 
|  84|0x0000000085400000, 0x0000000085500000, 0x0000000085500000|100%| O|  |TAMS 0x0000000085400000, 0x0000000085400000| Untracked 
|  85|0x0000000085500000, 0x0000000085600000, 0x0000000085600000|100%| O|  |TAMS 0x0000000085500000, 0x0000000085500000| Untracked 
|  86|0x0000000085600000, 0x0000000085700000, 0x0000000085700000|100%| O|  |TAMS 0x0000000085600000, 0x0000000085600000| Untracked 
|  87|0x0000000085700000, 0x0000000085800000, 0x0000000085800000|100%| O|  |TAMS 0x0000000085700000, 0x0000000085700000| Untracked 
|  88|0x0000000085800000, 0x0000000085900000, 0x0000000085900000|100%| O|  |TAMS 0x0000000085800000, 0x0000000085800000| Untracked 
|  89|0x0000000085900000, 0x0000000085948800, 0x0000000085a00000| 28%| O|  |TAMS 0x0000000085900000, 0x0000000085900000| Untracked 
|  90|0x0000000085a00000, 0x0000000085a00000, 0x0000000085b00000|  0%| F|  |TAMS 0x0000000085a00000, 0x0000000085a00000| Untracked 
|  91|0x0000000085b00000, 0x0000000085b00000, 0x0000000085c00000|  0%| F|  |TAMS 0x0000000085b00000, 0x0000000085b00000| Untracked 
|  92|0x0000000085c00000, 0x0000000085c00000, 0x0000000085d00000|  0%| F|  |TAMS 0x0000000085c00000, 0x0000000085c00000| Untracked 
|  93|0x0000000085d00000, 0x0000000085d00000, 0x0000000085e00000|  0%| F|  |TAMS 0x0000000085d00000, 0x0000000085d00000| Untracked 
|  94|0x0000000085e00000, 0x0000000085e00000, 0x0000000085f00000|  0%| F|  |TAMS 0x0000000085e00000, 0x0000000085e00000| Untracked 
|  95|0x0000000085f00000, 0x0000000085f00000, 0x0000000086000000|  0%| F|  |TAMS 0x0000000085f00000, 0x0000000085f00000| Untracked 
|  96|0x0000000086000000, 0x0000000086000000, 0x0000000086100000|  0%| F|  |TAMS 0x0000000086000000, 0x0000000086000000| Untracked 
|  97|0x0000000086100000, 0x0000000086100000, 0x0000000086200000|  0%| F|  |TAMS 0x0000000086100000, 0x0000000086100000| Untracked 
|  98|0x0000000086200000, 0x0000000086200000, 0x0000000086300000|  0%| F|  |TAMS 0x0000000086200000, 0x0000000086200000| Untracked 
|  99|0x0000000086300000, 0x0000000086300000, 0x0000000086400000|  0%| F|  |TAMS 0x0000000086300000, 0x0000000086300000| Untracked 
| 100|0x0000000086400000, 0x0000000086400000, 0x0000000086500000|  0%| F|  |TAMS 0x0000000086400000, 0x0000000086400000| Untracked 
| 101|0x0000000086500000, 0x0000000086500000, 0x0000000086600000|  0%| F|  |TAMS 0x0000000086500000, 0x0000000086500000| Untracked 
| 102|0x0000000086600000, 0x0000000086600000, 0x0000000086700000|  0%| F|  |TAMS 0x0000000086600000, 0x0000000086600000| Untracked 
| 103|0x0000000086700000, 0x0000000086700000, 0x0000000086800000|  0%| F|  |TAMS 0x0000000086700000, 0x0000000086700000| Untracked 
| 104|0x0000000086800000, 0x0000000086800000, 0x0000000086900000|  0%| F|  |TAMS 0x0000000086800000, 0x0000000086800000| Untracked 
| 105|0x0000000086900000, 0x0000000086900000, 0x0000000086a00000|  0%| F|  |TAMS 0x0000000086900000, 0x0000000086900000| Untracked 
| 106|0x0000000086a00000, 0x0000000086a00000, 0x0000000086b00000|  0%| F|  |TAMS 0x0000000086a00000, 0x0000000086a00000| Untracked 
| 107|0x0000000086b00000, 0x0000000086b00000, 0x0000000086c00000|  0%| F|  |TAMS 0x0000000086b00000, 0x0000000086b00000| Untracked 
| 108|0x0000000086c00000, 0x0000000086c00000, 0x0000000086d00000|  0%| F|  |TAMS 0x0000000086c00000, 0x0000000086c00000| Untracked 
| 109|0x0000000086d00000, 0x0000000086d00000, 0x0000000086e00000|  0%| F|  |TAMS 0x0000000086d00000, 0x0000000086d00000| Untracked 
| 110|0x0000000086e00000, 0x0000000086e00000, 0x0000000086f00000|  0%| F|  |TAMS 0x0000000086e00000, 0x0000000086e00000| Untracked 
| 111|0x0000000086f00000, 0x0000000086f00000, 0x0000000087000000|  0%| F|  |TAMS 0x0000000086f00000, 0x0000000086f00000| Untracked 
| 112|0x0000000087000000, 0x0000000087000000, 0x0000000087100000|  0%| F|  |TAMS 0x0000000087000000, 0x0000000087000000| Untracked 
| 113|0x0000000087100000, 0x0000000087100000, 0x0000000087200000|  0%| F|  |TAMS 0x0000000087100000, 0x0000000087100000| Untracked 
| 114|0x0000000087200000, 0x0000000087200000, 0x0000000087300000|  0%| F|  |TAMS 0x0000000087200000, 0x0000000087200000| Untracked 
| 115|0x0000000087300000, 0x0000000087300000, 0x0000000087400000|  0%| F|  |TAMS 0x0000000087300000, 0x0000000087300000| Untracked 
| 116|0x0000000087400000, 0x0000000087400000, 0x0000000087500000|  0%| F|  |TAMS 0x0000000087400000, 0x0000000087400000| Untracked 
| 117|0x0000000087500000, 0x0000000087500000, 0x0000000087600000|  0%| F|  |TAMS 0x0000000087500000, 0x0000000087500000| Untracked 
| 118|0x0000000087600000, 0x0000000087600000, 0x0000000087700000|  0%| F|  |TAMS 0x0000000087600000, 0x0000000087600000| Untracked 
| 119|0x0000000087700000, 0x0000000087700000, 0x0000000087800000|  0%| F|  |TAMS 0x0000000087700000, 0x0000000087700000| Untracked 
| 120|0x0000000087800000, 0x0000000087800000, 0x0000000087900000|  0%| F|  |TAMS 0x0000000087800000, 0x0000000087800000| Untracked 
| 121|0x0000000087900000, 0x0000000087900000, 0x0000000087a00000|  0%| F|  |TAMS 0x0000000087900000, 0x0000000087900000| Untracked 
| 122|0x0000000087a00000, 0x0000000087a00000, 0x0000000087b00000|  0%| F|  |TAMS 0x0000000087a00000, 0x0000000087a00000| Untracked 
| 123|0x0000000087b00000, 0x0000000087b00000, 0x0000000087c00000|  0%| F|  |TAMS 0x0000000087b00000, 0x0000000087b00000| Untracked 
| 124|0x0000000087c00000, 0x0000000087c00000, 0x0000000087d00000|  0%| F|  |TAMS 0x0000000087c00000, 0x0000000087c00000| Untracked 
| 125|0x0000000087d00000, 0x0000000087d00000, 0x0000000087e00000|  0%| F|  |TAMS 0x0000000087d00000, 0x0000000087d00000| Untracked 
| 126|0x0000000087e00000, 0x0000000087e00000, 0x0000000087f00000|  0%| F|  |TAMS 0x0000000087e00000, 0x0000000087e00000| Untracked 
| 127|0x0000000087f00000, 0x0000000087f00000, 0x0000000088000000|  0%| F|  |TAMS 0x0000000087f00000, 0x0000000087f00000| Untracked 
| 128|0x0000000088000000, 0x0000000088000000, 0x0000000088100000|  0%| F|  |TAMS 0x0000000088000000, 0x0000000088000000| Untracked 
| 129|0x0000000088100000, 0x0000000088100000, 0x0000000088200000|  0%| F|  |TAMS 0x0000000088100000, 0x0000000088100000| Untracked 
| 130|0x0000000088200000, 0x0000000088200000, 0x0000000088300000|  0%| F|  |TAMS 0x0000000088200000, 0x0000000088200000| Untracked 
| 131|0x0000000088300000, 0x0000000088300000, 0x0000000088400000|  0%| F|  |TAMS 0x0000000088300000, 0x0000000088300000| Untracked 
| 132|0x0000000088400000, 0x0000000088400000, 0x0000000088500000|  0%| F|  |TAMS 0x0000000088400000, 0x0000000088400000| Untracked 
| 133|0x0000000088500000, 0x0000000088500000, 0x0000000088600000|  0%| F|  |TAMS 0x0000000088500000, 0x0000000088500000| Untracked 
| 134|0x0000000088600000, 0x0000000088600000, 0x0000000088700000|  0%| F|  |TAMS 0x0000000088600000, 0x0000000088600000| Untracked 
| 135|0x0000000088700000, 0x0000000088700000, 0x0000000088800000|  0%| F|  |TAMS 0x0000000088700000, 0x0000000088700000| Untracked 
| 136|0x0000000088800000, 0x00000000888d8950, 0x0000000088900000| 84%| S|CS|TAMS 0x0000000088800000, 0x0000000088800000| Complete 
| 137|0x0000000088900000, 0x0000000088900000, 0x0000000088a00000|  0%| F|  |TAMS 0x0000000088900000, 0x0000000088900000| Untracked 
| 138|0x0000000088a00000, 0x0000000088a00000, 0x0000000088b00000|  0%| F|  |TAMS 0x0000000088a00000, 0x0000000088a00000| Untracked 
| 139|0x0000000088b00000, 0x0000000088b00000, 0x0000000088c00000|  0%| F|  |TAMS 0x0000000088b00000, 0x0000000088b00000| Untracked 
| 140|0x0000000088c00000, 0x0000000088c00000, 0x0000000088d00000|  0%| F|  |TAMS 0x0000000088c00000, 0x0000000088c00000| Untracked 
| 141|0x0000000088d00000, 0x0000000088e00000, 0x0000000088e00000|100%| S|CS|TAMS 0x0000000088d00000, 0x0000000088d00000| Complete 
| 142|0x0000000088e00000, 0x0000000088f00000, 0x0000000088f00000|100%| S|CS|TAMS 0x0000000088e00000, 0x0000000088e00000| Complete 
| 143|0x0000000088f00000, 0x0000000089000000, 0x0000000089000000|100%| S|CS|TAMS 0x0000000088f00000, 0x0000000088f00000| Complete 
| 144|0x0000000089000000, 0x0000000089100000, 0x0000000089100000|100%| S|CS|TAMS 0x0000000089000000, 0x0000000089000000| Complete 
| 145|0x0000000089100000, 0x0000000089200000, 0x0000000089200000|100%| S|CS|TAMS 0x0000000089100000, 0x0000000089100000| Complete 
| 146|0x0000000089200000, 0x0000000089300000, 0x0000000089300000|100%| S|CS|TAMS 0x0000000089200000, 0x0000000089200000| Complete 
| 147|0x0000000089300000, 0x0000000089400000, 0x0000000089400000|100%| S|CS|TAMS 0x0000000089300000, 0x0000000089300000| Complete 
| 148|0x0000000089400000, 0x0000000089500000, 0x0000000089500000|100%| S|CS|TAMS 0x0000000089400000, 0x0000000089400000| Complete 
| 149|0x0000000089500000, 0x0000000089600000, 0x0000000089600000|100%| S|CS|TAMS 0x0000000089500000, 0x0000000089500000| Complete 
| 150|0x0000000089600000, 0x0000000089700000, 0x0000000089700000|100%| S|CS|TAMS 0x0000000089600000, 0x0000000089600000| Complete 
| 151|0x0000000089700000, 0x0000000089700000, 0x0000000089800000|  0%| F|  |TAMS 0x0000000089700000, 0x0000000089700000| Untracked 
| 152|0x0000000089800000, 0x0000000089800000, 0x0000000089900000|  0%| F|  |TAMS 0x0000000089800000, 0x0000000089800000| Untracked 
| 153|0x0000000089900000, 0x0000000089900000, 0x0000000089a00000|  0%| F|  |TAMS 0x0000000089900000, 0x0000000089900000| Untracked 
| 154|0x0000000089a00000, 0x0000000089b00000, 0x0000000089b00000|100%| S|CS|TAMS 0x0000000089a00000, 0x0000000089a00000| Complete 
| 155|0x0000000089b00000, 0x0000000089b00000, 0x0000000089c00000|  0%| F|  |TAMS 0x0000000089b00000, 0x0000000089b00000| Untracked 
| 156|0x0000000089c00000, 0x0000000089c00000, 0x0000000089d00000|  0%| F|  |TAMS 0x0000000089c00000, 0x0000000089c00000| Untracked 
| 157|0x0000000089d00000, 0x0000000089d00000, 0x0000000089e00000|  0%| F|  |TAMS 0x0000000089d00000, 0x0000000089d00000| Untracked 
| 158|0x0000000089e00000, 0x0000000089e00000, 0x0000000089f00000|  0%| F|  |TAMS 0x0000000089e00000, 0x0000000089e00000| Untracked 
| 159|0x0000000089f00000, 0x0000000089f00000, 0x000000008a000000|  0%| F|  |TAMS 0x0000000089f00000, 0x0000000089f00000| Untracked 
| 160|0x000000008a000000, 0x000000008a000000, 0x000000008a100000|  0%| F|  |TAMS 0x000000008a000000, 0x000000008a000000| Untracked 
| 161|0x000000008a100000, 0x000000008a100000, 0x000000008a200000|  0%| F|  |TAMS 0x000000008a100000, 0x000000008a100000| Untracked 
| 162|0x000000008a200000, 0x000000008a200000, 0x000000008a300000|  0%| F|  |TAMS 0x000000008a200000, 0x000000008a200000| Untracked 
| 163|0x000000008a300000, 0x000000008a300000, 0x000000008a400000|  0%| F|  |TAMS 0x000000008a300000, 0x000000008a300000| Untracked 
| 164|0x000000008a400000, 0x000000008a400000, 0x000000008a500000|  0%| F|  |TAMS 0x000000008a400000, 0x000000008a400000| Untracked 
| 165|0x000000008a500000, 0x000000008a500000, 0x000000008a600000|  0%| F|  |TAMS 0x000000008a500000, 0x000000008a500000| Untracked 
| 166|0x000000008a600000, 0x000000008a600000, 0x000000008a700000|  0%| F|  |TAMS 0x000000008a600000, 0x000000008a600000| Untracked 
| 167|0x000000008a700000, 0x000000008a700000, 0x000000008a800000|  0%| F|  |TAMS 0x000000008a700000, 0x000000008a700000| Untracked 
| 168|0x000000008a800000, 0x000000008a800000, 0x000000008a900000|  0%| F|  |TAMS 0x000000008a800000, 0x000000008a800000| Untracked 
| 169|0x000000008a900000, 0x000000008a900000, 0x000000008aa00000|  0%| F|  |TAMS 0x000000008a900000, 0x000000008a900000| Untracked 
| 170|0x000000008aa00000, 0x000000008aa00000, 0x000000008ab00000|  0%| F|  |TAMS 0x000000008aa00000, 0x000000008aa00000| Untracked 
| 171|0x000000008ab00000, 0x000000008ab00000, 0x000000008ac00000|  0%| F|  |TAMS 0x000000008ab00000, 0x000000008ab00000| Untracked 
| 172|0x000000008ac00000, 0x000000008ac00000, 0x000000008ad00000|  0%| F|  |TAMS 0x000000008ac00000, 0x000000008ac00000| Untracked 
| 173|0x000000008ad00000, 0x000000008ad00000, 0x000000008ae00000|  0%| F|  |TAMS 0x000000008ad00000, 0x000000008ad00000| Untracked 
| 174|0x000000008ae00000, 0x000000008ae00000, 0x000000008af00000|  0%| F|  |TAMS 0x000000008ae00000, 0x000000008ae00000| Untracked 
| 175|0x000000008af00000, 0x000000008af00000, 0x000000008b000000|  0%| F|  |TAMS 0x000000008af00000, 0x000000008af00000| Untracked 
| 176|0x000000008b000000, 0x000000008b000000, 0x000000008b100000|  0%| F|  |TAMS 0x000000008b000000, 0x000000008b000000| Untracked 
| 177|0x000000008b100000, 0x000000008b100000, 0x000000008b200000|  0%| F|  |TAMS 0x000000008b100000, 0x000000008b100000| Untracked 
| 178|0x000000008b200000, 0x000000008b200000, 0x000000008b300000|  0%| F|  |TAMS 0x000000008b200000, 0x000000008b200000| Untracked 
| 179|0x000000008b300000, 0x000000008b300000, 0x000000008b400000|  0%| F|  |TAMS 0x000000008b300000, 0x000000008b300000| Untracked 
| 180|0x000000008b400000, 0x000000008b400000, 0x000000008b500000|  0%| F|  |TAMS 0x000000008b400000, 0x000000008b400000| Untracked 
| 181|0x000000008b500000, 0x000000008b500000, 0x000000008b600000|  0%| F|  |TAMS 0x000000008b500000, 0x000000008b500000| Untracked 
| 182|0x000000008b600000, 0x000000008b600000, 0x000000008b700000|  0%| F|  |TAMS 0x000000008b600000, 0x000000008b600000| Untracked 
| 183|0x000000008b700000, 0x000000008b700000, 0x000000008b800000|  0%| F|  |TAMS 0x000000008b700000, 0x000000008b700000| Untracked 
| 184|0x000000008b800000, 0x000000008b800000, 0x000000008b900000|  0%| F|  |TAMS 0x000000008b800000, 0x000000008b800000| Untracked 
| 185|0x000000008b900000, 0x000000008b900000, 0x000000008ba00000|  0%| F|  |TAMS 0x000000008b900000, 0x000000008b900000| Untracked 
| 186|0x000000008ba00000, 0x000000008ba00000, 0x000000008bb00000|  0%| F|  |TAMS 0x000000008ba00000, 0x000000008ba00000| Untracked 
| 187|0x000000008bb00000, 0x000000008bb00000, 0x000000008bc00000|  0%| F|  |TAMS 0x000000008bb00000, 0x000000008bb00000| Untracked 
| 188|0x000000008bc00000, 0x000000008bc00000, 0x000000008bd00000|  0%| F|  |TAMS 0x000000008bc00000, 0x000000008bc00000| Untracked 
| 189|0x000000008bd00000, 0x000000008bd00000, 0x000000008be00000|  0%| F|  |TAMS 0x000000008bd00000, 0x000000008bd00000| Untracked 
| 190|0x000000008be00000, 0x000000008be00000, 0x000000008bf00000|  0%| F|  |TAMS 0x000000008be00000, 0x000000008be00000| Untracked 
| 191|0x000000008bf00000, 0x000000008bf00000, 0x000000008c000000|  0%| F|  |TAMS 0x000000008bf00000, 0x000000008bf00000| Untracked 
| 192|0x000000008c000000, 0x000000008c000000, 0x000000008c100000|  0%| F|  |TAMS 0x000000008c000000, 0x000000008c000000| Untracked 
| 193|0x000000008c100000, 0x000000008c100000, 0x000000008c200000|  0%| F|  |TAMS 0x000000008c100000, 0x000000008c100000| Untracked 
| 194|0x000000008c200000, 0x000000008c200000, 0x000000008c300000|  0%| F|  |TAMS 0x000000008c200000, 0x000000008c200000| Untracked 
| 195|0x000000008c300000, 0x000000008c300000, 0x000000008c400000|  0%| F|  |TAMS 0x000000008c300000, 0x000000008c300000| Untracked 
| 196|0x000000008c400000, 0x000000008c400000, 0x000000008c500000|  0%| F|  |TAMS 0x000000008c400000, 0x000000008c400000| Untracked 
| 197|0x000000008c500000, 0x000000008c500000, 0x000000008c600000|  0%| F|  |TAMS 0x000000008c500000, 0x000000008c500000| Untracked 
| 198|0x000000008c600000, 0x000000008c600000, 0x000000008c700000|  0%| F|  |TAMS 0x000000008c600000, 0x000000008c600000| Untracked 
| 199|0x000000008c700000, 0x000000008c700000, 0x000000008c800000|  0%| F|  |TAMS 0x000000008c700000, 0x000000008c700000| Untracked 
| 200|0x000000008c800000, 0x000000008c800000, 0x000000008c900000|  0%| F|  |TAMS 0x000000008c800000, 0x000000008c800000| Untracked 
| 201|0x000000008c900000, 0x000000008c900000, 0x000000008ca00000|  0%| F|  |TAMS 0x000000008c900000, 0x000000008c900000| Untracked 
| 202|0x000000008ca00000, 0x000000008ca00000, 0x000000008cb00000|  0%| F|  |TAMS 0x000000008ca00000, 0x000000008ca00000| Untracked 
| 203|0x000000008cb00000, 0x000000008cb00000, 0x000000008cc00000|  0%| F|  |TAMS 0x000000008cb00000, 0x000000008cb00000| Untracked 
| 204|0x000000008cc00000, 0x000000008cc00000, 0x000000008cd00000|  0%| F|  |TAMS 0x000000008cc00000, 0x000000008cc00000| Untracked 
| 205|0x000000008cd00000, 0x000000008cd00000, 0x000000008ce00000|  0%| F|  |TAMS 0x000000008cd00000, 0x000000008cd00000| Untracked 
| 206|0x000000008ce00000, 0x000000008ce00000, 0x000000008cf00000|  0%| F|  |TAMS 0x000000008ce00000, 0x000000008ce00000| Untracked 
| 207|0x000000008cf00000, 0x000000008cf00000, 0x000000008d000000|  0%| F|  |TAMS 0x000000008cf00000, 0x000000008cf00000| Untracked 
| 208|0x000000008d000000, 0x000000008d000000, 0x000000008d100000|  0%| F|  |TAMS 0x000000008d000000, 0x000000008d000000| Untracked 
| 209|0x000000008d100000, 0x000000008d100000, 0x000000008d200000|  0%| F|  |TAMS 0x000000008d100000, 0x000000008d100000| Untracked 
| 210|0x000000008d200000, 0x000000008d200000, 0x000000008d300000|  0%| F|  |TAMS 0x000000008d200000, 0x000000008d200000| Untracked 
| 211|0x000000008d300000, 0x000000008d300000, 0x000000008d400000|  0%| F|  |TAMS 0x000000008d300000, 0x000000008d300000| Untracked 
| 212|0x000000008d400000, 0x000000008d400000, 0x000000008d500000|  0%| F|  |TAMS 0x000000008d400000, 0x000000008d400000| Untracked 
| 213|0x000000008d500000, 0x000000008d500000, 0x000000008d600000|  0%| F|  |TAMS 0x000000008d500000, 0x000000008d500000| Untracked 
| 214|0x000000008d600000, 0x000000008d600000, 0x000000008d700000|  0%| F|  |TAMS 0x000000008d600000, 0x000000008d600000| Untracked 
| 215|0x000000008d700000, 0x000000008d700000, 0x000000008d800000|  0%| F|  |TAMS 0x000000008d700000, 0x000000008d700000| Untracked 
| 216|0x000000008d800000, 0x000000008d800000, 0x000000008d900000|  0%| F|  |TAMS 0x000000008d800000, 0x000000008d800000| Untracked 
| 217|0x000000008d900000, 0x000000008d900000, 0x000000008da00000|  0%| F|  |TAMS 0x000000008d900000, 0x000000008d900000| Untracked 
| 218|0x000000008da00000, 0x000000008da00000, 0x000000008db00000|  0%| F|  |TAMS 0x000000008da00000, 0x000000008da00000| Untracked 
| 219|0x000000008db00000, 0x000000008db00000, 0x000000008dc00000|  0%| F|  |TAMS 0x000000008db00000, 0x000000008db00000| Untracked 
| 220|0x000000008dc00000, 0x000000008dc00000, 0x000000008dd00000|  0%| F|  |TAMS 0x000000008dc00000, 0x000000008dc00000| Untracked 
| 221|0x000000008dd00000, 0x000000008dd00000, 0x000000008de00000|  0%| F|  |TAMS 0x000000008dd00000, 0x000000008dd00000| Untracked 
| 222|0x000000008de00000, 0x000000008de00000, 0x000000008df00000|  0%| F|  |TAMS 0x000000008de00000, 0x000000008de00000| Untracked 
| 223|0x000000008df00000, 0x000000008df00000, 0x000000008e000000|  0%| F|  |TAMS 0x000000008df00000, 0x000000008df00000| Untracked 
| 224|0x000000008e000000, 0x000000008e000000, 0x000000008e100000|  0%| F|  |TAMS 0x000000008e000000, 0x000000008e000000| Untracked 
| 225|0x000000008e100000, 0x000000008e100000, 0x000000008e200000|  0%| F|  |TAMS 0x000000008e100000, 0x000000008e100000| Untracked 
| 226|0x000000008e200000, 0x000000008e200000, 0x000000008e300000|  0%| F|  |TAMS 0x000000008e200000, 0x000000008e200000| Untracked 
| 227|0x000000008e300000, 0x000000008e300000, 0x000000008e400000|  0%| F|  |TAMS 0x000000008e300000, 0x000000008e300000| Untracked 
| 228|0x000000008e400000, 0x000000008e400000, 0x000000008e500000|  0%| F|  |TAMS 0x000000008e400000, 0x000000008e400000| Untracked 
| 229|0x000000008e500000, 0x000000008e500000, 0x000000008e600000|  0%| F|  |TAMS 0x000000008e500000, 0x000000008e500000| Untracked 
| 230|0x000000008e600000, 0x000000008e600000, 0x000000008e700000|  0%| F|  |TAMS 0x000000008e600000, 0x000000008e600000| Untracked 
| 231|0x000000008e700000, 0x000000008e700000, 0x000000008e800000|  0%| F|  |TAMS 0x000000008e700000, 0x000000008e700000| Untracked 
| 232|0x000000008e800000, 0x000000008e800000, 0x000000008e900000|  0%| F|  |TAMS 0x000000008e800000, 0x000000008e800000| Untracked 
| 233|0x000000008e900000, 0x000000008e900000, 0x000000008ea00000|  0%| F|  |TAMS 0x000000008e900000, 0x000000008e900000| Untracked 
| 234|0x000000008ea00000, 0x000000008ea00000, 0x000000008eb00000|  0%| F|  |TAMS 0x000000008ea00000, 0x000000008ea00000| Untracked 
| 235|0x000000008eb00000, 0x000000008eb00000, 0x000000008ec00000|  0%| F|  |TAMS 0x000000008eb00000, 0x000000008eb00000| Untracked 
| 236|0x000000008ec00000, 0x000000008ec00000, 0x000000008ed00000|  0%| F|  |TAMS 0x000000008ec00000, 0x000000008ec00000| Untracked 
| 237|0x000000008ed00000, 0x000000008ed00000, 0x000000008ee00000|  0%| F|  |TAMS 0x000000008ed00000, 0x000000008ed00000| Untracked 
| 238|0x000000008ee00000, 0x000000008ee00000, 0x000000008ef00000|  0%| F|  |TAMS 0x000000008ee00000, 0x000000008ee00000| Untracked 
| 239|0x000000008ef00000, 0x000000008ef00000, 0x000000008f000000|  0%| F|  |TAMS 0x000000008ef00000, 0x000000008ef00000| Untracked 
| 240|0x000000008f000000, 0x000000008f000000, 0x000000008f100000|  0%| F|  |TAMS 0x000000008f000000, 0x000000008f000000| Untracked 
| 241|0x000000008f100000, 0x000000008f100000, 0x000000008f200000|  0%| F|  |TAMS 0x000000008f100000, 0x000000008f100000| Untracked 
| 242|0x000000008f200000, 0x000000008f200000, 0x000000008f300000|  0%| F|  |TAMS 0x000000008f200000, 0x000000008f200000| Untracked 
| 243|0x000000008f300000, 0x000000008f300000, 0x000000008f400000|  0%| F|  |TAMS 0x000000008f300000, 0x000000008f300000| Untracked 
| 244|0x000000008f400000, 0x000000008f400000, 0x000000008f500000|  0%| F|  |TAMS 0x000000008f400000, 0x000000008f400000| Untracked 
| 245|0x000000008f500000, 0x000000008f500000, 0x000000008f600000|  0%| F|  |TAMS 0x000000008f500000, 0x000000008f500000| Untracked 
| 246|0x000000008f600000, 0x000000008f600000, 0x000000008f700000|  0%| F|  |TAMS 0x000000008f600000, 0x000000008f600000| Untracked 
| 247|0x000000008f700000, 0x000000008f700000, 0x000000008f800000|  0%| F|  |TAMS 0x000000008f700000, 0x000000008f700000| Untracked 
| 248|0x000000008f800000, 0x000000008f800000, 0x000000008f900000|  0%| F|  |TAMS 0x000000008f800000, 0x000000008f800000| Untracked 
| 249|0x000000008f900000, 0x000000008f955938, 0x000000008fa00000| 33%| E|  |TAMS 0x000000008f900000, 0x000000008f900000| Complete 
| 250|0x000000008fa00000, 0x000000008fb00000, 0x000000008fb00000|100%| E|CS|TAMS 0x000000008fa00000, 0x000000008fa00000| Complete 
| 251|0x000000008fb00000, 0x000000008fc00000, 0x000000008fc00000|100%| E|CS|TAMS 0x000000008fb00000, 0x000000008fb00000| Complete 
| 252|0x000000008fc00000, 0x000000008fd00000, 0x000000008fd00000|100%| E|CS|TAMS 0x000000008fc00000, 0x000000008fc00000| Complete 
| 253|0x000000008fd00000, 0x000000008fe00000, 0x000000008fe00000|100%| E|CS|TAMS 0x000000008fd00000, 0x000000008fd00000| Complete 
| 254|0x000000008fe00000, 0x000000008ff00000, 0x000000008ff00000|100%| E|CS|TAMS 0x000000008fe00000, 0x000000008fe00000| Complete 
| 255|0x000000008ff00000, 0x0000000090000000, 0x0000000090000000|100%| E|CS|TAMS 0x000000008ff00000, 0x000000008ff00000| Complete 

Card table byte_map: [0x000001def21b0000,0x000001def25b0000] _byte_map_base: 0x000001def1db0000

Marking Bits (Prev, Next): (CMBitMap*) 0x000001dedefa8908, (CMBitMap*) 0x000001dedefa8940
 Prev Bits: [0x000001def29b0000, 0x000001def49b0000)
 Next Bits: [0x000001def49b0000, 0x000001def69b0000)

Polling page: 0x000001dedcf10000

Metaspace:

Usage:
  Non-class:     83.91 MB capacity,    82.33 MB ( 98%) used,     1.29 MB (  2%) free+waste,   296.19 KB ( <1%) overhead. 
      Class:     13.17 MB capacity,    12.22 MB ( 93%) used,   835.96 KB (  6%) free+waste,   133.56 KB ( <1%) overhead. 
       Both:     97.08 MB capacity,    94.55 MB ( 97%) used,     2.10 MB (  2%) free+waste,   429.75 KB ( <1%) overhead. 

Virtual space:
  Non-class space:       84.00 MB reserved,      83.95 MB (>99%) committed 
      Class space:        1.00 GB reserved,      13.25 MB (  1%) committed 
             Both:        1.08 GB reserved,      97.20 MB (  9%) committed 

Chunk freelists:
   Non-Class:  2.00 KB
       Class:  0 bytes
        Both:  2.00 KB

MaxMetaspaceSize: 17179869184.00 GB
CompressedClassSpaceSize: 1.00 GB
Initial GC threshold: 20.80 MB
Current GC threshold: 112.63 MB
CDS: off

CodeHeap 'non-profiled nmethods': size=120000Kb used=6962Kb max_used=6962Kb free=113037Kb
 bounds [0x000001deea550000, 0x000001deeac20000, 0x000001def1a80000]
CodeHeap 'profiled nmethods': size=120000Kb used=25048Kb max_used=25048Kb free=94951Kb
 bounds [0x000001dee3020000, 0x000001dee48a0000, 0x000001deea550000]
CodeHeap 'non-nmethods': size=5760Kb used=2412Kb max_used=2446Kb free=3347Kb
 bounds [0x000001dee2a80000, 0x000001dee2cf0000, 0x000001dee3020000]
 total_blobs=13283 nmethods=12334 adapters=861
 compilation: enabled
              stopped_count=0, restarted_count=0
 full_count=0

Compilation events (20 events):
Event: 102.037 Thread 0x000001def9ce0000 12568       3       java.util.HashMap$ValueSpliterator::<init> (12 bytes)
Event: 102.037 Thread 0x000001def9ce0000 nmethod 12568 0x000001dee4890f90 code [0x000001dee4891140, 0x000001dee4891358]
Event: 102.240 Thread 0x000001def9ce0000 12570       3       java.util.concurrent.locks.ReentrantReadWriteLock$ReadLock::lock (9 bytes)
Event: 102.241 Thread 0x000001def9ce0000 nmethod 12570 0x000001dee4891490 code [0x000001dee4891660, 0x000001dee48918f8]
Event: 102.241 Thread 0x000001def9ce0000 12571       3       java.util.concurrent.locks.AbstractQueuedSynchronizer::acquireShared (14 bytes)
Event: 102.241 Thread 0x000001def9ce0000 nmethod 12571 0x000001dee4891a10 code [0x000001dee4891be0, 0x000001dee4891e18]
Event: 102.241 Thread 0x000001def9ce0000 12572       3       java.util.concurrent.locks.ReentrantReadWriteLock$Sync::tryAcquireShared (177 bytes)
Event: 102.242 Thread 0x000001def9ce0000 nmethod 12572 0x000001dee4891f10 code [0x000001dee4892200, 0x000001dee4893568]
Event: 102.242 Thread 0x000001def9ce0000 12573       3       java.util.concurrent.locks.ReentrantReadWriteLock$Sync::sharedCount (5 bytes)
Event: 102.242 Thread 0x000001def9ce0000 nmethod 12573 0x000001dee4893c90 code [0x000001dee4893e40, 0x000001dee4893f18]
Event: 102.242 Thread 0x000001def9ce0000 12574       3       java.util.concurrent.locks.ReentrantReadWriteLock$ReadLock::unlock (10 bytes)
Event: 102.243 Thread 0x000001def9ce0000 nmethod 12574 0x000001dee4893f90 code [0x000001dee4894160, 0x000001dee4894418]
Event: 102.243 Thread 0x000001def9ce0000 12575       3       java.util.concurrent.locks.ReentrantReadWriteLock$Sync::tryReleaseShared (146 bytes)
Event: 102.244 Thread 0x000001def9ce0000 nmethod 12575 0x000001dee4894510 code [0x000001dee48947e0, 0x000001dee4895748]
Event: 102.408 Thread 0x000001def9cde800 nmethod 12569 0x000001deeac16290 code [0x000001deeac16680, 0x000001deeac1ac50]
Event: 104.039 Thread 0x000001def9cde800 12576       4       java.util.stream.AbstractPipeline::sequential (10 bytes)
Event: 104.040 Thread 0x000001def9cde800 nmethod 12576 0x000001deeac1c890 code [0x000001deeac1ca20, 0x000001deeac1ca98]
Event: 105.802 Thread 0x000001def9ce0000 12577       3       org.gradle.internal.time.DefaultTimer::reset (14 bytes)
Event: 105.802 Thread 0x000001def9ce0000 nmethod 12577 0x000001dee4895d90 code [0x000001dee4895f40, 0x000001dee4896118]
Event: 111.124 Thread 0x000001def9cde800 12578   !   4       java.util.concurrent.LinkedBlockingQueue::poll (128 bytes)

GC Heap History (20 events):
Event: 31.099 GC heap before
{Heap before GC invocations=8 (full 0):
 garbage-first heap   total 262144K, used 141519K [0x0000000080000000, 0x0000000100000000)
  region size 1024K, 121 young (123904K), 8 survivors (8192K)
 Metaspace       used 44785K, capacity 45891K, committed 46032K, reserved 1089536K
  class space    used 5649K, capacity 6040K, committed 6144K, reserved 1048576K
}
Event: 31.112 GC heap after
{Heap after GC invocations=9 (full 0):
 garbage-first heap   total 262144K, used 29764K [0x0000000080000000, 0x0000000100000000)
  region size 1024K, 15 young (15360K), 15 survivors (15360K)
 Metaspace       used 44785K, capacity 45891K, committed 46032K, reserved 1089536K
  class space    used 5649K, capacity 6040K, committed 6144K, reserved 1048576K
}
Event: 46.356 GC heap before
{Heap before GC invocations=9 (full 0):
 garbage-first heap   total 262144K, used 169028K [0x0000000080000000, 0x0000000100000000)
  region size 1024K, 142 young (145408K), 15 survivors (15360K)
 Metaspace       used 51759K, capacity 53198K, committed 53456K, reserved 1095680K
  class space    used 6531K, capacity 7055K, committed 7168K, reserved 1048576K
}
Event: 46.375 GC heap after
{Heap after GC invocations=10 (full 0):
 garbage-first heap   total 262144K, used 50922K [0x0000000080000000, 0x0000000100000000)
  region size 1024K, 18 young (18432K), 18 survivors (18432K)
 Metaspace       used 51759K, capacity 53198K, committed 53456K, reserved 1095680K
  class space    used 6531K, capacity 7055K, committed 7168K, reserved 1048576K
}
Event: 47.249 GC heap before
{Heap before GC invocations=10 (full 0):
 garbage-first heap   total 262144K, used 90858K [0x0000000080000000, 0x0000000100000000)
  region size 1024K, 58 young (59392K), 18 survivors (18432K)
 Metaspace       used 58934K, capacity 60395K, committed 60508K, reserved 1101824K
  class space    used 7379K, capacity 7957K, committed 8064K, reserved 1048576K
}
Event: 47.270 GC heap after
{Heap after GC invocations=11 (full 0):
 garbage-first heap   total 262144K, used 54624K [0x0000000080000000, 0x0000000100000000)
  region size 1024K, 4 young (4096K), 4 survivors (4096K)
 Metaspace       used 58934K, capacity 60395K, committed 60508K, reserved 1101824K
  class space    used 7379K, capacity 7957K, committed 8064K, reserved 1048576K
}
Event: 48.823 GC heap before
{Heap before GC invocations=12 (full 0):
 garbage-first heap   total 262144K, used 163168K [0x0000000080000000, 0x0000000100000000)
  region size 1024K, 103 young (105472K), 4 survivors (4096K)
 Metaspace       used 66996K, capacity 68640K, committed 68944K, reserved 1110016K
  class space    used 8391K, capacity 9006K, committed 9088K, reserved 1048576K
}
Event: 48.833 GC heap after
{Heap after GC invocations=13 (full 0):
 garbage-first heap   total 262144K, used 60658K [0x0000000080000000, 0x0000000100000000)
  region size 1024K, 10 young (10240K), 10 survivors (10240K)
 Metaspace       used 66996K, capacity 68640K, committed 68944K, reserved 1110016K
  class space    used 8391K, capacity 9006K, committed 9088K, reserved 1048576K
}
Event: 50.640 GC heap before
{Heap before GC invocations=14 (full 0):
 garbage-first heap   total 262144K, used 166130K [0x0000000080000000, 0x0000000100000000)
  region size 1024K, 113 young (115712K), 10 survivors (10240K)
 Metaspace       used 73851K, capacity 75518K, committed 75600K, reserved 1114112K
  class space    used 9431K, capacity 10030K, committed 10112K, reserved 1048576K
}
Event: 50.651 GC heap after
{Heap after GC invocations=15 (full 0):
 garbage-first heap   total 262144K, used 67877K [0x0000000080000000, 0x0000000100000000)
  region size 1024K, 15 young (15360K), 15 survivors (15360K)
 Metaspace       used 73851K, capacity 75518K, committed 75600K, reserved 1114112K
  class space    used 9431K, capacity 10030K, committed 10112K, reserved 1048576K
}
Event: 52.559 GC heap before
{Heap before GC invocations=15 (full 0):
 garbage-first heap   total 262144K, used 176421K [0x0000000080000000, 0x0000000100000000)
  region size 1024K, 121 young (123904K), 15 survivors (15360K)
 Metaspace       used 82805K, capacity 84622K, committed 84816K, reserved 1122304K
  class space    used 10672K, capacity 11325K, committed 11392K, reserved 1048576K
}
Event: 52.573 GC heap after
{Heap after GC invocations=16 (full 0):
 garbage-first heap   total 262144K, used 74752K [0x0000000080000000, 0x0000000100000000)
  region size 1024K, 14 young (14336K), 14 survivors (14336K)
 Metaspace       used 82805K, capacity 84622K, committed 84816K, reserved 1122304K
  class space    used 10672K, capacity 11325K, committed 11392K, reserved 1048576K
}
Event: 57.816 GC heap before
{Heap before GC invocations=16 (full 0):
 garbage-first heap   total 262144K, used 184320K [0x0000000080000000, 0x0000000100000000)
  region size 1024K, 122 young (124928K), 14 survivors (14336K)
 Metaspace       used 86733K, capacity 88955K, committed 89168K, reserved 1126400K
  class space    used 11239K, capacity 12052K, committed 12160K, reserved 1048576K
}
Event: 57.831 GC heap after
{Heap after GC invocations=17 (full 0):
 garbage-first heap   total 262144K, used 83968K [0x0000000080000000, 0x0000000100000000)
  region size 1024K, 16 young (16384K), 16 survivors (16384K)
 Metaspace       used 86733K, capacity 88955K, committed 89168K, reserved 1126400K
  class space    used 11239K, capacity 12052K, committed 12160K, reserved 1048576K
}
Event: 60.572 GC heap before
{Heap before GC invocations=17 (full 0):
 garbage-first heap   total 262144K, used 190464K [0x0000000080000000, 0x0000000100000000)
  region size 1024K, 121 young (123904K), 16 survivors (16384K)
 Metaspace       used 87872K, capacity 90164K, committed 90320K, reserved 1128448K
  class space    used 11342K, capacity 12177K, committed 12288K, reserved 1048576K
}
Event: 60.589 GC heap after
{Heap after GC invocations=18 (full 0):
 garbage-first heap   total 262144K, used 91886K [0x0000000080000000, 0x0000000100000000)
  region size 1024K, 10 young (10240K), 10 survivors (10240K)
 Metaspace       used 87872K, capacity 90164K, committed 90320K, reserved 1128448K
  class space    used 11342K, capacity 12177K, committed 12288K, reserved 1048576K
}
Event: 64.136 GC heap before
{Heap before GC invocations=18 (full 0):
 garbage-first heap   total 262144K, used 196334K [0x0000000080000000, 0x0000000100000000)
  region size 1024K, 112 young (114688K), 10 survivors (10240K)
 Metaspace       used 93736K, capacity 96105K, committed 96208K, reserved 1132544K
  class space    used 12065K, capacity 12960K, committed 13056K, reserved 1048576K
}
Event: 64.148 GC heap after
{Heap after GC invocations=19 (full 0):
 garbage-first heap   total 262144K, used 98367K [0x0000000080000000, 0x0000000100000000)
  region size 1024K, 7 young (7168K), 7 survivors (7168K)
 Metaspace       used 93736K, capacity 96105K, committed 96208K, reserved 1132544K
  class space    used 12065K, capacity 12960K, committed 13056K, reserved 1048576K
}
Event: 82.268 GC heap before
{Heap before GC invocations=19 (full 0):
 garbage-first heap   total 262144K, used 200767K [0x0000000080000000, 0x0000000100000000)
  region size 1024K, 108 young (110592K), 7 survivors (7168K)
 Metaspace       used 96275K, capacity 98760K, committed 98896K, reserved 1134592K
  class space    used 12424K, capacity 13347K, committed 13440K, reserved 1048576K
}
Event: 82.281 GC heap after
{Heap after GC invocations=20 (full 0):
 garbage-first heap   total 262144K, used 103556K [0x0000000080000000, 0x0000000100000000)
  region size 1024K, 12 young (12288K), 12 survivors (12288K)
 Metaspace       used 96275K, capacity 98760K, committed 98896K, reserved 1134592K
  class space    used 12424K, capacity 13347K, committed 13440K, reserved 1048576K
}

Deoptimization events (20 events):
Event: 82.314 Thread 0x000001defd258000 Uncommon trap: trap_request=0xffffffde fr.pc=0x000001deeab356ac relative=0x000000000000010c
Event: 82.314 Thread 0x000001defd258000 Uncommon trap: reason=class_check action=maybe_recompile pc=0x000001deeab356ac method=java.lang.reflect.Array.newInstance(Ljava/lang/Class;I)Ljava/lang/Object; @ 2 c2
Event: 82.314 Thread 0x000001defd258000 DEOPT PACKING pc=0x000001deeab356ac sp=0x0000004b891fc4b0
Event: 82.314 Thread 0x000001defd258000 DEOPT UNPACKING pc=0x000001dee2aca1af sp=0x0000004b891fc448 mode 2
Event: 82.333 Thread 0x000001defd258000 Uncommon trap: trap_request=0xffffffd6 fr.pc=0x000001deeab8c1d4 relative=0x0000000000002ab4
Event: 82.333 Thread 0x000001defd258000 Uncommon trap: reason=array_check action=maybe_recompile pc=0x000001deeab8c1d4 method=java.util.TimSort.binarySort([Ljava/lang/Object;IIILjava/util/Comparator;)V @ 215 c2
Event: 82.333 Thread 0x000001defd258000 DEOPT PACKING pc=0x000001deeab8c1d4 sp=0x0000004b891faed0
Event: 82.333 Thread 0x000001defd258000 DEOPT UNPACKING pc=0x000001dee2aca1af sp=0x0000004b891fae00 mode 2
Event: 82.334 Thread 0x000001defd258000 Uncommon trap: trap_request=0xffffffd6 fr.pc=0x000001deeab8c1d4 relative=0x0000000000002ab4
Event: 82.334 Thread 0x000001defd258000 Uncommon trap: reason=array_check action=maybe_recompile pc=0x000001deeab8c1d4 method=java.util.TimSort.binarySort([Ljava/lang/Object;IIILjava/util/Comparator;)V @ 215 c2
Event: 82.334 Thread 0x000001defd258000 DEOPT PACKING pc=0x000001deeab8c1d4 sp=0x0000004b891fac10
Event: 82.334 Thread 0x000001defd258000 DEOPT UNPACKING pc=0x000001dee2aca1af sp=0x0000004b891fab40 mode 2
Event: 82.488 Thread 0x000001de8532d800 Uncommon trap: trap_request=0xffffffde fr.pc=0x000001deeab356ac relative=0x000000000000010c
Event: 82.488 Thread 0x000001de8532d800 Uncommon trap: reason=class_check action=maybe_recompile pc=0x000001deeab356ac method=java.lang.reflect.Array.newInstance(Ljava/lang/Class;I)Ljava/lang/Object; @ 2 c2
Event: 82.488 Thread 0x000001de8532d800 DEOPT PACKING pc=0x000001deeab356ac sp=0x0000004b92dfb010
Event: 82.488 Thread 0x000001de8532d800 DEOPT UNPACKING pc=0x000001dee2aca1af sp=0x0000004b92dfafa8 mode 2
Event: 97.497 Thread 0x000001de8532d800 Uncommon trap: trap_request=0xffffff4d fr.pc=0x000001deeaa16240 relative=0x00000000000000a0
Event: 97.497 Thread 0x000001de8532d800 Uncommon trap: reason=unstable_if action=reinterpret pc=0x000001deeaa16240 method=java.io.BufferedInputStream.fill()V @ 222 c2
Event: 97.497 Thread 0x000001de8532d800 DEOPT PACKING pc=0x000001deeaa16240 sp=0x0000004b92dfd7f0
Event: 97.497 Thread 0x000001de8532d800 DEOPT UNPACKING pc=0x000001dee2aca1af sp=0x0000004b92dfd770 mode 2

Classes redefined (0 events):
No events

Internal exceptions (20 events):
Event: 73.858 Thread 0x000001defd258000 Exception <a 'java/lang/NoSuchMethodError'{0x000000008d1960c0}: 'java.lang.Object java.lang.invoke.Invokers$Holder.linkToTargetMethod(java.lang.Object, long, java.lang.Object)'> (0x000000008d1960c0) thrown at [./src/hotspot/share/interpreter/linkResolver.cpp, line 773]
Event: 82.249 Thread 0x000001defd258000 Exception <a 'java/lang/NoSuchMethodError'{0x0000000089b215c8}: <clinit>> (0x0000000089b215c8) thrown at [./src/hotspot/share/prims/jni.cpp, line 1366]
Event: 82.249 Thread 0x000001defd258000 Exception <a 'java/lang/NoSuchMethodError'{0x0000000089b2d890}: <clinit>> (0x0000000089b2d890) thrown at [./src/hotspot/share/prims/jni.cpp, line 1366]
Event: 82.265 Thread 0x000001defd258000 Exception <a 'java/lang/NoSuchMethodError'{0x0000000089bd0640}: 'java.lang.Object java.lang.invoke.DirectMethodHandle$Holder.invokeSpecial(java.lang.Object, java.lang.Object, int, int, java.lang.Object, int, java.lang.Object, java.lang.Object)'> (0x0000000089bd0640) thrown at [./src/hotspot/share/interpreter/linkResolver.cpp, line 773]
Event: 82.266 Thread 0x000001defd258000 Exception <a 'java/lang/NoSuchMethodError'{0x0000000089bd3f28}: 'java.lang.Object java.lang.invoke.DelegatingMethodHandle$Holder.reinvoke_L(java.lang.Object, int, int, java.lang.Object, int, java.lang.Object, java.lang.Object)'> (0x0000000089bd3f28) thrown at [./src/hotspot/share/interpreter/linkResolver.cpp, line 773]
Event: 82.281 Thread 0x000001defd258000 Exception <a 'java/lang/NoSuchMethodError'{0x0000000089ad90f0}: 'java.lang.Object java.lang.invoke.DirectMethodHandle$Holder.invokeStatic(java.lang.Object, java.lang.Object, java.lang.Object, java.lang.Object, java.lang.Object, java.lang.Object, java.lang.Object, java.lang.Object, int)'> (0x0000000089ad90f0) thrown at [./src/hotspot/share/interpreter/linkResolver.cpp, line 773]
Event: 82.284 Thread 0x000001defd258000 Exception <a 'java/lang/NoSuchMethodError'{0x000000008ff9cfc0}: 'java.lang.Object java.lang.invoke.DirectMethodHandle$Holder.invokeStatic(java.lang.Object, java.lang.Object, java.lang.Object, java.lang.Object, java.lang.Object, java.lang.Object, java.lang.Object, java.lang.Object, int, int)'> (0x000000008ff9cfc0) thrown at [./src/hotspot/share/interpreter/linkResolver.cpp, line 773]
Event: 82.285 Thread 0x000001defd258000 Exception <a 'java/lang/NoSuchMethodError'{0x000000008ffb8bc0}: 'java.lang.Object java.lang.invoke.DirectMethodHandle$Holder.invokeStatic(java.lang.Object, java.lang.Object, java.lang.Object, java.lang.Object, java.lang.Object, java.lang.Object, java.lang.Object, java.lang.Object, int, int, java.lang.Object)'> (0x000000008ffb8bc0) thrown at [./src/hotspot/share/interpreter/linkResolver.cpp, line 773]
Event: 82.287 Thread 0x000001defd258000 Exception <a 'java/lang/NoSuchMethodError'{0x000000008ffd6858}: 'java.lang.Object java.lang.invoke.DirectMethodHandle$Holder.invokeStatic(java.lang.Object, java.lang.Object, java.lang.Object, java.lang.Object, java.lang.Object, java.lang.Object, java.lang.Object, java.lang.Object, int, int, java.lang.Object, java.lang.Object)'> (0x000000008ffd6858) thrown at [./src/hotspot/share/interpreter/linkResolver.cpp, line 773]
Event: 82.297 Thread 0x000001defd258000 Exception <a 'java/lang/NoSuchMethodError'{0x000000008fe093a0}: <clinit>> (0x000000008fe093a0) thrown at [./src/hotspot/share/prims/jni.cpp, line 1366]
Event: 82.300 Thread 0x000001defd258000 Exception <a 'java/lang/NoSuchMethodError'{0x000000008fe31950}: <clinit>> (0x000000008fe31950) thrown at [./src/hotspot/share/prims/jni.cpp, line 1366]
Event: 82.314 Thread 0x000001defd256800 Exception <a 'java/lang/InterruptedException'{0x000000008fe50620}> (0x000000008fe50620) thrown at [./src/hotspot/share/runtime/objectMonitor.cpp, line 1635]
Event: 82.315 Thread 0x000001defd256800 Exception <a 'java/lang/NoSuchMethodError'{0x000000008fe586b8}: 'java.lang.Object java.lang.invoke.DirectMethodHandle$Holder.invokeStatic(java.lang.Object, java.lang.Object, int, java.lang.Object, long)'> (0x000000008fe586b8) thrown at [./src/hotspot/share/interpreter/linkResolver.cpp, line 773]
Event: 82.333 Thread 0x000001defd258000 Exception <a 'java/lang/NoSuchMethodError'{0x000000008fe822e0}: <clinit>> (0x000000008fe822e0) thrown at [./src/hotspot/share/prims/jni.cpp, line 1366]
Event: 82.333 Thread 0x000001defd258000 Exception <a 'java/lang/NoSuchMethodError'{0x000000008fe8e138}: <clinit>> (0x000000008fe8e138) thrown at [./src/hotspot/share/prims/jni.cpp, line 1366]
Event: 82.334 Thread 0x000001defd258000 Exception <a 'java/lang/NoSuchMethodError'{0x000000008fe9b198}: <clinit>> (0x000000008fe9b198) thrown at [./src/hotspot/share/prims/jni.cpp, line 1366]
Event: 82.342 Thread 0x000001defd258000 Exception <a 'java/lang/NoSuchMethodError'{0x000000008feb5e88}: <clinit>> (0x000000008feb5e88) thrown at [./src/hotspot/share/prims/jni.cpp, line 1366]
Event: 82.383 Thread 0x000001defd258000 Exception <a 'java/lang/NoSuchMethodError'{0x000000008fc395f0}: <clinit>> (0x000000008fc395f0) thrown at [./src/hotspot/share/prims/jni.cpp, line 1366]
Event: 82.477 Thread 0x000001de8532d800 Exception <a 'java/lang/NoSuchMethodError'{0x000000008fbfba30}: 'java.lang.Object java.lang.invoke.DirectMethodHandle$Holder.invokeStatic(java.lang.Object, java.lang.Object, java.lang.Object, java.lang.Object, java.lang.Object, java.lang.Object, java.lang.Object, java.lang.Object, java.lang.Object, java.lang.Object, java.lang.Object, java.lang.Object, java.lang.Object, int)'> (0x000000008fbfba30) thrown at [./src/hotspot/share/interpreter/linkResolver.cpp, line 773]
Event: 82.479 Thread 0x000001de8532d800 Exception <a 'java/lang/NoSuchMethodError'{0x000000008fa09540}: 'java.lang.Object java.lang.invoke.DirectMethodHandle$Holder.invokeStatic(java.lang.Object, java.lang.Object, java.lang.Object, java.lang.Object, java.lang.Object, java.lang.Object, java.lang.Object, java.lang.Object, java.lang.Object, java.lang.Object, java.lang.Object, java.lang.Object, java.lang.Object, int, int)'> (0x000000008fa09540) thrown at [./src/hotspot/share/interpreter/linkResolver.cpp, line 773]

Events (20 events):
Event: 82.486 Executing VM operation: RevokeBias done
Event: 82.486 loading class sun/rmi/transport/Transport$1
Event: 82.486 loading class sun/rmi/transport/Transport$1 done
Event: 82.488 loading class sun/rmi/transport/DGCImpl$LeaseInfo
Event: 82.488 loading class sun/rmi/transport/DGCImpl$LeaseInfo done
Event: 82.488 loading class sun/rmi/transport/DGCImpl$1
Event: 82.488 loading class sun/rmi/transport/DGCImpl$1 done
Event: 82.488 loading class sun/rmi/transport/SequenceEntry
Event: 82.488 loading class sun/rmi/transport/SequenceEntry done
Event: 85.775 Thread 0x000001de81e37000 Thread exited: 0x000001de81e37000
Event: 85.946 Executing VM operation: RevokeBias
Event: 85.947 Executing VM operation: RevokeBias done
Event: 85.947 Thread 0x000001defa1d0800 Thread exited: 0x000001defa1d0800
Event: 97.262 Executing VM operation: RevokeBias
Event: 97.263 Executing VM operation: RevokeBias done
Event: 97.324 Executing VM operation: RevokeBias
Event: 97.324 Executing VM operation: RevokeBias done
Event: 112.273 Executing VM operation: RevokeBias
Event: 113.156 Executing VM operation: RevokeBias done
Event: 113.156 Executing VM operation: RevokeBias


Dynamic libraries:
0x00007ff712050000 - 0x00007ff71205a000 	C:\Program Files\Android\Android Studio\jre\bin\java.exe
0x00007ffbb9190000 - 0x00007ffbb9385000 	C:\Windows\SYSTEM32\ntdll.dll
0x00007ffba59e0000 - 0x00007ffba59f7000 	C:\Program Files\Avast Software\Avast\aswhook.dll
0x00007ffbb7eb0000 - 0x00007ffbb7f6e000 	C:\Windows\System32\KERNEL32.DLL
0x00007ffbb6a90000 - 0x00007ffbb6d59000 	C:\Windows\System32\KERNELBASE.dll
0x00007ffbb7030000 - 0x00007ffbb7130000 	C:\Windows\System32\ucrtbase.dll
0x00007ffbb0be0000 - 0x00007ffbb0bf7000 	C:\Program Files\Android\Android Studio\jre\bin\VCRUNTIME140.dll
0x00007ffbb0a60000 - 0x00007ffbb0a79000 	C:\Program Files\Android\Android Studio\jre\bin\jli.dll
0x00007ffbb8af0000 - 0x00007ffbb8c91000 	C:\Windows\System32\USER32.dll
0x00007ffbb6e70000 - 0x00007ffbb6e92000 	C:\Windows\System32\win32u.dll
0x00007ffb84740000 - 0x00007ffb849da000 	C:\Windows\WinSxS\amd64_microsoft.windows.common-controls_6595b64144ccf1df_6.0.19041.1110_none_60b5254171f9507e\COMCTL32.dll
0x00007ffbb8820000 - 0x00007ffbb88be000 	C:\Windows\System32\msvcrt.dll
0x00007ffbb8f30000 - 0x00007ffbb8f5b000 	C:\Windows\System32\GDI32.dll
0x00007ffbb6d60000 - 0x00007ffbb6e6b000 	C:\Windows\System32\gdi32full.dll
0x00007ffbb69a0000 - 0x00007ffbb6a3d000 	C:\Windows\System32\msvcp_win.dll
0x00007ffbb87e0000 - 0x00007ffbb8810000 	C:\Windows\System32\IMM32.DLL
0x00007ffb9cac0000 - 0x00007ffb9cb5d000 	C:\Program Files\Android\Android Studio\jre\bin\msvcp140.dll
0x00007ffb240a0000 - 0x00007ffb24ba2000 	C:\Program Files\Android\Android Studio\jre\bin\server\jvm.dll
0x00007ffbb90a0000 - 0x00007ffbb914c000 	C:\Windows\System32\ADVAPI32.dll
0x00007ffbb85a0000 - 0x00007ffbb863b000 	C:\Windows\System32\sechost.dll
0x00007ffbb8650000 - 0x00007ffbb877a000 	C:\Windows\System32\RPCRT4.dll
0x00007ffbb8640000 - 0x00007ffbb8648000 	C:\Windows\System32\PSAPI.DLL
0x00007ffb9ac90000 - 0x00007ffb9acb7000 	C:\Windows\SYSTEM32\WINMM.dll
0x00007ffbb01f0000 - 0x00007ffbb01fa000 	C:\Windows\SYSTEM32\VERSION.dll
0x00007ffba3f20000 - 0x00007ffba3f29000 	C:\Windows\SYSTEM32\WSOCK32.dll
0x00007ffbb8480000 - 0x00007ffbb84eb000 	C:\Windows\System32\WS2_32.dll
0x00007ffbb5130000 - 0x00007ffbb5142000 	C:\Windows\SYSTEM32\kernel.appcore.dll
0x00007ffb6dc70000 - 0x00007ffb6dc81000 	C:\Program Files\Android\Android Studio\jre\bin\verify.dll
0x00007ffbb3d30000 - 0x00007ffbb3f14000 	C:\Windows\SYSTEM32\DBGHELP.DLL
0x00007ffbace10000 - 0x00007ffbace3c000 	C:\Windows\SYSTEM32\dbgcore.DLL
0x00007ffbb6910000 - 0x00007ffbb6993000 	C:\Windows\System32\bcryptPrimitives.dll
0x00007ffb6dc40000 - 0x00007ffb6dc69000 	C:\Program Files\Android\Android Studio\jre\bin\java.dll
0x00007ffbacf60000 - 0x00007ffbacf6b000 	C:\Program Files\Android\Android Studio\jre\bin\jimage.dll
0x00007ffb6dc20000 - 0x00007ffb6dc38000 	C:\Program Files\Android\Android Studio\jre\bin\zip.dll
0x00007ffbb71e0000 - 0x00007ffbb791f000 	C:\Windows\System32\SHELL32.dll
0x00007ffbb4990000 - 0x00007ffbb5120000 	C:\Windows\SYSTEM32\windows.storage.dll
0x00007ffbb7a30000 - 0x00007ffbb7d85000 	C:\Windows\System32\combase.dll
0x00007ffbb6300000 - 0x00007ffbb632c000 	C:\Windows\SYSTEM32\Wldp.dll
0x00007ffbb84f0000 - 0x00007ffbb859d000 	C:\Windows\System32\SHCORE.dll
0x00007ffbb7920000 - 0x00007ffbb7975000 	C:\Windows\System32\shlwapi.dll
0x00007ffbb67f0000 - 0x00007ffbb680f000 	C:\Windows\SYSTEM32\profapi.dll
0x00007ffb6dc00000 - 0x00007ffb6dc1a000 	C:\Program Files\Android\Android Studio\jre\bin\net.dll
0x00007ffba7160000 - 0x00007ffba7268000 	C:\Windows\SYSTEM32\WINHTTP.dll
0x00007ffbb6060000 - 0x00007ffbb60ca000 	C:\Windows\system32\mswsock.dll
0x00007ffb6dbe0000 - 0x00007ffb6dbf4000 	C:\Program Files\Android\Android Studio\jre\bin\nio.dll
0x00007ffbaa900000 - 0x00007ffbaa927000 	C:\Users\TURBO\Hany\gradle-completion-master\native\e1d6ef7f7dcc3fd88c89a11ec53ec762bb8ba0a96d01ffa2cd45eb1d1d8dd5c5\windows-amd64\native-platform.dll
0x00007ffb64ed0000 - 0x00007ffb65014000 	C:\Users\TURBO\Hany\gradle-completion-master\native\0d407fdbe67a94daf76414ababcb853783967236a71b16ec16e742cd7a986fd3\windows-amd64\native-platform-file-events.dll
0x00007ffbaa810000 - 0x00007ffbaa81a000 	C:\Program Files\Android\Android Studio\jre\bin\management.dll
0x00007ffb6dbd0000 - 0x00007ffb6dbdd000 	C:\Program Files\Android\Android Studio\jre\bin\management_ext.dll
0x00007ffbb6260000 - 0x00007ffbb6278000 	C:\Windows\SYSTEM32\CRYPTSP.dll
0x00007ffbb5970000 - 0x00007ffbb59a4000 	C:\Windows\system32\rsaenh.dll
0x00007ffbb7000000 - 0x00007ffbb7027000 	C:\Windows\System32\bcrypt.dll
0x00007ffbb6770000 - 0x00007ffbb679e000 	C:\Windows\SYSTEM32\USERENV.dll
0x00007ffbb6250000 - 0x00007ffbb625c000 	C:\Windows\SYSTEM32\CRYPTBASE.dll
0x00007ffbb5d00000 - 0x00007ffbb5d3b000 	C:\Windows\SYSTEM32\IPHLPAPI.DLL
0x00007ffbb8f60000 - 0x00007ffbb8f68000 	C:\Windows\System32\NSI.dll
0x00007ffbae1b0000 - 0x00007ffbae1c7000 	C:\Windows\SYSTEM32\dhcpcsvc6.DLL
0x00007ffbae190000 - 0x00007ffbae1ad000 	C:\Windows\SYSTEM32\dhcpcsvc.DLL
0x00007ffbb5d50000 - 0x00007ffbb5e1c000 	C:\Windows\SYSTEM32\DNSAPI.dll
0x00007ffb9bf30000 - 0x00007ffb9bf4e000 	C:\Users\TURBO\AppData\Local\Temp\native-platform18073205716878648819dir\native-platform.dll
0x00007ffba1a30000 - 0x00007ffba1a38000 	C:\Program Files\Android\Android Studio\jre\bin\rmi.dll

dbghelp: loaded successfully - version: 4.0.5 - missing functions: none
symbol engine: initialized successfully - sym options: 0x614 - pdb path: .;C:\Program Files\Android\Android Studio\jre\bin;C:\Windows\SYSTEM32;C:\Program Files\Avast Software\Avast;C:\Windows\WinSxS\amd64_microsoft.windows.common-controls_6595b64144ccf1df_6.0.19041.1110_none_60b5254171f9507e;C:\Program Files\Android\Android Studio\jre\bin\server;C:\Users\TURBO\Hany\gradle-completion-master\native\e1d6ef7f7dcc3fd88c89a11ec53ec762bb8ba0a96d01ffa2cd45eb1d1d8dd5c5\windows-amd64;C:\Users\TURBO\Hany\gradle-completion-master\native\0d407fdbe67a94daf76414ababcb853783967236a71b16ec16e742cd7a986fd3\windows-amd64;C:\Users\TURBO\AppData\Local\Temp\native-platform18073205716878648819dir

VM Arguments:
jvm_args: --add-opens=java.base/java.util=ALL-UNNAMED --add-opens=java.base/java.lang=ALL-UNNAMED --add-opens=java.base/java.lang.invoke=ALL-UNNAMED --add-opens=java.base/java.util=ALL-UNNAMED --add-opens=java.prefs/java.util.prefs=ALL-UNNAMED --add-opens=java.prefs/java.util.prefs=ALL-UNNAMED --add-opens=java.base/java.nio.charset=ALL-UNNAMED --add-opens=java.base/java.net=ALL-UNNAMED --add-opens=java.base/java.util.concurrent.atomic=ALL-UNNAMED -Xmx2048m -Dfile.encoding=UTF-8 -Duser.country=US -Duser.language=en -Duser.variant 
java_command: org.gradle.launcher.daemon.bootstrap.GradleDaemon 7.4
java_class_path (initial): C:\Users\TURBO\Hany\gradle-completion-master\wrapper\dists\gradle-7.4-bin\c0gwcg53nkjbqw7r0h0umtfvt\gradle-7.4\lib\gradle-launcher-7.4.jar
Launcher Type: SUN_STANDARD

[Global flags]
     intx CICompilerCount                          = 4                                         {product} {ergonomic}
     uint ConcGCThreads                            = 2                                         {product} {ergonomic}
     uint G1ConcRefinementThreads                  = 8                                         {product} {ergonomic}
   size_t G1HeapRegionSize                         = 1048576                                   {product} {ergonomic}
    uintx GCDrainStackTargetSize                   = 64                                        {product} {ergonomic}
   size_t InitialHeapSize                          = 268435456                                 {product} {ergonomic}
   size_t MarkStackSize                            = 4194304                                   {product} {ergonomic}
   size_t MaxHeapSize                              = 2147483648                                {product} {command line}
   size_t MaxNewSize                               = 1287651328                                {product} {ergonomic}
   size_t MinHeapDeltaBytes                        = 1048576                                   {product} {ergonomic}
    uintx NonNMethodCodeHeapSize                   = 5836300                                {pd product} {ergonomic}
    uintx NonProfiledCodeHeapSize                  = 122910970                              {pd product} {ergonomic}
    uintx ProfiledCodeHeapSize                     = 122910970                              {pd product} {ergonomic}
    uintx ReservedCodeCacheSize                    = 251658240                              {pd product} {ergonomic}
     bool SegmentedCodeCache                       = true                                      {product} {ergonomic}
     bool UseCompressedClassPointers               = true                                 {lp64_product} {ergonomic}
     bool UseCompressedOops                        = true                                 {lp64_product} {ergonomic}
     bool UseG1GC                                  = true                                      {product} {ergonomic}
     bool UseLargePagesIndividualAllocation        = false                                  {pd product} {ergonomic}

Logging:
Log output configuration:
 #0: stdout all=warning uptime,level,tags
 #1: stderr all=off uptime,level,tags

Environment Variables:
PATH=C:\Program Files (x86)\VMware\VMware Workstation\bin\;C:\Windows\system32;C:\Windows;C:\Windows\System32\Wbem;C:\Windows\System32\WindowsPowerShell\v1.0\;C:\Windows\System32\OpenSSH\;C:\Program Files\Microsoft SQL Server\Client SDK\ODBC\110\Tools\Binn\;C:\Program Files (x86)\Microsoft SQL Server\120\Tools\Binn\;C:\Program Files\Microsoft SQL Server\120\Tools\Binn\;C:\Program Files\Microsoft SQL Server\120\DTS\Binn\;C:\Program Files (x86)\Brackets\command;C:\Program Files\dotnet\;C:\Program Files\Microsoft SQL Server\Client SDK\ODBC\170\Tools\Binn\;C:\Program Files (x86)\Microsoft SQL Server\120\Tools\Binn\ManagementStudio\;C:\Program Files (x86)\Microsoft SQL Server\120\DTS\Binn\;C:\Windows\system32\config\systemprofile\.dnx\bin;C:\Program Files\Microsoft DNX\Dnvm\;C:\Program Files (x86)\Windows Kits\8.1\Windows Performance Toolkit\;C:\Program Files\Microsoft SQL Server\110\Tools\Binn\;C:\Program Files\Git\cmd;C:\Program Files\MATLAB\MATLAB Production Server\R2015a\runtime\win64;C:\Program Files\MATLAB\MATLAB Production Server\R2015a\bin;C:\Program Files\MATLAB\MATLAB Production Server\R2015a\polyspace\bin;C:\Users\TURBO\AppData\Local\Programs\Python\Python36\Scripts\;C:\Users\TURBO\AppData\Local\Programs\Python\Python36\;C:\Users\TURBO\AppData\Local\Microsoft\WindowsApps;C:\Users\TURBO\.dotnet\tools;C:\Users\TURBO\AppData\Local\Programs\Microsoft VS Code\bin
USERNAME=TURBO
OS=Windows_NT
PROCESSOR_IDENTIFIER=Intel64 Family 6 Model 158 Stepping 10, GenuineIntel



---------------  S Y S T E M  ---------------

OS: Windows 10 , 64 bit Build 19041 (10.0.19041.1202)
OS uptime: 9 days 3:05 hours

CPU:total 8 (initial active 8) (4 cores per cpu, 2 threads per core) family 6 model 158 stepping 10 microcode 0xb4, cmov, cx8, fxsr, mmx, sse, sse2, sse3, ssse3, sse4.1, sse4.2, popcnt, avx, avx2, aes, clmul, erms, 3dnowpref, lzcnt, ht, tsc, tscinvbit, bmi1, bmi2, adx, fma

Memory: 4k page, system-wide physical 16264M (66M free)
TotalPageFile size 51879M (AvailPageFile size 5M)
current process WorkingSet (physical memory assigned to process): 484M, peak: 513M
current process commit charge ("private bytes"): 557M, peak: 568M

vm_info: OpenJDK 64-Bit Server VM (11.0.13+0-b1751.21-8125866) for windows-amd64 JRE (11.0.13+0-b1751.21-8125866), built on Feb  2 2022 03:00:22 by "builder" with MS VC++ 14.0 (VS2015)

END.
